Tue Jan 24 16:11:43 2023: Running xcd server. This server was NOT built by gradle, but presumably rdi.
Tue Jan 24 16:11:43 2023: Server was asked to start on port: '34089'
Tue Jan 24 16:11:43 2023: Server is using token UUID: 'e6c235c9-746f-47ab-9d7c-a9323b008e0a'
Tue Jan 24 16:11:43 2023: SESSION_MGR: creating session with session uuid: '6d04a3e9-ade5-4ab9-8d63-1f78fcd2ec76' and name 'default'
Tue Jan 24 16:11:43 2023: Attempting to start server on port '34089'
Tue Jan 24 16:11:43 2023: XCD main fifo: created main fifo '/tmp/xcdmaine6c235c9-746f-47ab-9d7c-a9323b008e0a', fd read = 13
Tue Jan 24 16:11:43 2023: Running Dispatch Server
Tue Jan 24 16:11:43 2023: Version 2.2.0
Tue Jan 24 16:11:52 2023: Dispatch Server: Accepted socket connection from client
Tue Jan 24 16:11:52 2023: Starting Socket connection
Tue Jan 24 16:11:52 2023: EXCHANGE_TOKEN received, server token: e6c235c9-746f-47ab-9d7c-a9323b008e0a, passed token: e6c235c9-746f-47ab-9d7c-a9323b008e0a
Tue Jan 24 16:11:52 2023: SESSION_MGR: creating session with session uuid: '78d00d80-eb06-4a6b-8852-6c5ed450fef4' and name 'vitis_hls'
Tue Jan 24 16:11:52 2023: KERNEL_SVC: creating session with uuid: '78d00d80-eb06-4a6b-8852-6c5ed450fef4' and name 'vitis_hls'
Tue Jan 24 16:11:52 2023: GUIDANCE_SMGR: creating guidance session with uuid: '78d00d80-eb06-4a6b-8852-6c5ed450fef4' and name 'vitis_hls'
Tue Jan 24 16:11:56 2023: STOP_SERVER received, server token: e6c235c9-746f-47ab-9d7c-a9323b008e0a, passed token: e6c235c9-746f-47ab-9d7c-a9323b008e0a
Tue Jan 24 16:11:56 2023: Socket received request to stop server.
Tue Jan 24 16:11:56 2023: Dispatch Server: do_await_stop
Tue Jan 24 16:11:56 2023: Dispatch Server: stopping mainFifo_
Tue Jan 24 16:11:56 2023: XCD main fifo: Stopping
Tue Jan 24 16:11:56 2023: XCD main fifo: do_read error code: Operation canceled
Tue Jan 24 16:11:56 2023: XCD main fifo: bytes_transferred: 0
Tue Jan 24 16:11:56 2023: SERVER: destructor for server bound to port 34089
Tue Jan 24 16:11:56 2023: XCD main fifo: Good unlink of /tmp/xcdmaine6c235c9-746f-47ab-9d7c-a9323b008e0a
Tue Jan 24 16:11:56 2023: Server exiting with status 0.
Tue Jan 24 16:11:56 2023: Closing log file.
Tue Jan 24 16:12:04 2023: Running xcd server. This server was NOT built by gradle, but presumably rdi.
Tue Jan 24 16:12:04 2023: Server was asked to start on port: '44521'
Tue Jan 24 16:12:04 2023: Server is using token UUID: 'acf9dd1b-3ca8-4050-b63d-629cf84a8cd9'
Tue Jan 24 16:12:04 2023: SESSION_MGR: creating session with session uuid: '6d04a3e9-ade5-4ab9-8d63-1f78fcd2ec76' and name 'default'
Tue Jan 24 16:12:04 2023: Attempting to start server on port '44521'
Tue Jan 24 16:12:04 2023: XCD main fifo: created main fifo '/tmp/xcdmainacf9dd1b-3ca8-4050-b63d-629cf84a8cd9', fd read = 13
Tue Jan 24 16:12:04 2023: Running Dispatch Server
Tue Jan 24 16:12:04 2023: Version 2.2.0
Tue Jan 24 16:12:13 2023: Dispatch Server: Accepted socket connection from client
Tue Jan 24 16:12:13 2023: Starting Socket connection
Tue Jan 24 16:12:13 2023: EXCHANGE_TOKEN received, server token: acf9dd1b-3ca8-4050-b63d-629cf84a8cd9, passed token: acf9dd1b-3ca8-4050-b63d-629cf84a8cd9
Tue Jan 24 16:12:13 2023: SESSION_MGR: creating session with session uuid: 'de26c7ec-e678-4d48-aaed-2e48d5c42b62' and name 'vitis_hls'
Tue Jan 24 16:12:13 2023: KERNEL_SVC: creating session with uuid: 'de26c7ec-e678-4d48-aaed-2e48d5c42b62' and name 'vitis_hls'
Tue Jan 24 16:12:13 2023: GUIDANCE_SMGR: creating guidance session with uuid: 'de26c7ec-e678-4d48-aaed-2e48d5c42b62' and name 'vitis_hls'
Tue Jan 24 16:12:51 2023: Dispatch Server: Accepted socket connection from client
Tue Jan 24 16:12:51 2023: Starting Socket connection
Tue Jan 24 16:13:31 2023: Dispatch Server: Accepted socket connection from client
Tue Jan 24 16:13:31 2023: Starting Socket connection
Tue Jan 24 16:14:24 2023: STOP_SERVER received, server token: acf9dd1b-3ca8-4050-b63d-629cf84a8cd9, passed token: acf9dd1b-3ca8-4050-b63d-629cf84a8cd9
Tue Jan 24 16:14:24 2023: Socket received request to stop server.
Tue Jan 24 16:14:24 2023: Dispatch Server: do_await_stop
Tue Jan 24 16:14:24 2023: Dispatch Server: stopping mainFifo_
Tue Jan 24 16:14:24 2023: XCD main fifo: Stopping
Tue Jan 24 16:14:24 2023: XCD main fifo: do_read error code: Operation canceled
Tue Jan 24 16:14:24 2023: XCD main fifo: bytes_transferred: 0
Tue Jan 24 16:14:24 2023: SERVER: destructor for server bound to port 44521
Tue Jan 24 16:14:24 2023: XCD main fifo: Good unlink of /tmp/xcdmainacf9dd1b-3ca8-4050-b63d-629cf84a8cd9
Tue Jan 24 16:14:24 2023: Server exiting with status 0.
Tue Jan 24 16:14:24 2023: Closing log file.
