Tue Jan 24 15:41:23 2023: Running xcd server. This server was NOT built by gradle, but presumably rdi.
Tue Jan 24 15:41:23 2023: Server was asked to start on port: '40749'
Tue Jan 24 15:41:23 2023: Server is using token UUID: '7dd7a3f5-6bc6-4136-98cd-5d4023eb4888'
Tue Jan 24 15:41:23 2023: SESSION_MGR: creating session with session uuid: '6d04a3e9-ade5-4ab9-8d63-1f78fcd2ec76' and name 'default'
Tue Jan 24 15:41:23 2023: Attempting to start server on port '40749'
Tue Jan 24 15:41:23 2023: XCD main fifo: created main fifo '/tmp/xcdmain7dd7a3f5-6bc6-4136-98cd-5d4023eb4888', fd read = 13
Tue Jan 24 15:41:23 2023: Running Dispatch Server
Tue Jan 24 15:41:23 2023: Version 2.2.0
Tue Jan 24 15:41:32 2023: Dispatch Server: Accepted socket connection from client
Tue Jan 24 15:41:32 2023: Starting Socket connection
Tue Jan 24 15:41:32 2023: EXCHANGE_TOKEN received, server token: 7dd7a3f5-6bc6-4136-98cd-5d4023eb4888, passed token: 7dd7a3f5-6bc6-4136-98cd-5d4023eb4888
Tue Jan 24 15:41:32 2023: SESSION_MGR: creating session with session uuid: 'adab9e73-e342-4e9a-82da-2ccd11667a5a' and name 'vitis_hls'
Tue Jan 24 15:41:32 2023: KERNEL_SVC: creating session with uuid: 'adab9e73-e342-4e9a-82da-2ccd11667a5a' and name 'vitis_hls'
Tue Jan 24 15:41:32 2023: GUIDANCE_SMGR: creating guidance session with uuid: 'adab9e73-e342-4e9a-82da-2ccd11667a5a' and name 'vitis_hls'
Tue Jan 24 15:41:36 2023: STOP_SERVER received, server token: 7dd7a3f5-6bc6-4136-98cd-5d4023eb4888, passed token: 7dd7a3f5-6bc6-4136-98cd-5d4023eb4888
Tue Jan 24 15:41:36 2023: Socket received request to stop server.
Tue Jan 24 15:41:36 2023: Dispatch Server: do_await_stop
Tue Jan 24 15:41:36 2023: Dispatch Server: stopping mainFifo_
Tue Jan 24 15:41:36 2023: XCD main fifo: Stopping
Tue Jan 24 15:41:36 2023: XCD main fifo: do_read error code: Operation canceled
Tue Jan 24 15:41:36 2023: XCD main fifo: bytes_transferred: 0
Tue Jan 24 15:41:36 2023: SERVER: destructor for server bound to port 40749
Tue Jan 24 15:41:36 2023: XCD main fifo: Good unlink of /tmp/xcdmain7dd7a3f5-6bc6-4136-98cd-5d4023eb4888
Tue Jan 24 15:41:36 2023: Server exiting with status 0.
Tue Jan 24 15:41:36 2023: Closing log file.
Tue Jan 24 15:45:05 2023: Running xcd server. This server was NOT built by gradle, but presumably rdi.
Tue Jan 24 15:45:05 2023: Server was asked to start on port: '46007'
Tue Jan 24 15:45:05 2023: Server is using token UUID: '4a3bdcc2-bce5-4980-ba63-3f70b24c30eb'
Tue Jan 24 15:45:05 2023: SESSION_MGR: creating session with session uuid: '6d04a3e9-ade5-4ab9-8d63-1f78fcd2ec76' and name 'default'
Tue Jan 24 15:45:05 2023: Attempting to start server on port '46007'
Tue Jan 24 15:45:05 2023: XCD main fifo: created main fifo '/tmp/xcdmain4a3bdcc2-bce5-4980-ba63-3f70b24c30eb', fd read = 13
Tue Jan 24 15:45:05 2023: Running Dispatch Server
Tue Jan 24 15:45:05 2023: Version 2.2.0
Tue Jan 24 15:45:14 2023: Dispatch Server: Accepted socket connection from client
Tue Jan 24 15:45:14 2023: Starting Socket connection
Tue Jan 24 15:45:14 2023: EXCHANGE_TOKEN received, server token: 4a3bdcc2-bce5-4980-ba63-3f70b24c30eb, passed token: 4a3bdcc2-bce5-4980-ba63-3f70b24c30eb
Tue Jan 24 15:45:14 2023: SESSION_MGR: creating session with session uuid: '780e9ff9-c9ff-4fcd-a398-bf140a25b5b4' and name 'vitis_hls'
Tue Jan 24 15:45:14 2023: KERNEL_SVC: creating session with uuid: '780e9ff9-c9ff-4fcd-a398-bf140a25b5b4' and name 'vitis_hls'
Tue Jan 24 15:45:14 2023: GUIDANCE_SMGR: creating guidance session with uuid: '780e9ff9-c9ff-4fcd-a398-bf140a25b5b4' and name 'vitis_hls'
Tue Jan 24 15:46:09 2023: STOP_SERVER received, server token: 4a3bdcc2-bce5-4980-ba63-3f70b24c30eb, passed token: 4a3bdcc2-bce5-4980-ba63-3f70b24c30eb
Tue Jan 24 15:46:10 2023: Socket received request to stop server.
Tue Jan 24 15:46:10 2023: Dispatch Server: do_await_stop
Tue Jan 24 15:46:10 2023: Dispatch Server: stopping mainFifo_
Tue Jan 24 15:46:10 2023: XCD main fifo: Stopping
Tue Jan 24 15:46:10 2023: XCD main fifo: do_read error code: Operation canceled
Tue Jan 24 15:46:10 2023: XCD main fifo: bytes_transferred: 0
Tue Jan 24 15:46:10 2023: SERVER: destructor for server bound to port 46007
Tue Jan 24 15:46:10 2023: XCD main fifo: Good unlink of /tmp/xcdmain4a3bdcc2-bce5-4980-ba63-3f70b24c30eb
Tue Jan 24 15:46:10 2023: Server exiting with status 0.
Tue Jan 24 15:46:10 2023: Closing log file.
Tue Jan 24 15:59:40 2023: Running xcd server. This server was NOT built by gradle, but presumably rdi.
Tue Jan 24 15:59:40 2023: Server was asked to start on port: '45667'
Tue Jan 24 15:59:40 2023: Server is using token UUID: '2c0bebc4-1f0a-48be-b515-45c23176e61f'
Tue Jan 24 15:59:40 2023: SESSION_MGR: creating session with session uuid: '6d04a3e9-ade5-4ab9-8d63-1f78fcd2ec76' and name 'default'
Tue Jan 24 15:59:40 2023: Attempting to start server on port '45667'
Tue Jan 24 15:59:40 2023: XCD main fifo: created main fifo '/tmp/xcdmain2c0bebc4-1f0a-48be-b515-45c23176e61f', fd read = 13
Tue Jan 24 15:59:40 2023: Running Dispatch Server
Tue Jan 24 15:59:40 2023: Version 2.2.0
Tue Jan 24 15:59:48 2023: Dispatch Server: Accepted socket connection from client
Tue Jan 24 15:59:48 2023: Starting Socket connection
Tue Jan 24 15:59:48 2023: EXCHANGE_TOKEN received, server token: 2c0bebc4-1f0a-48be-b515-45c23176e61f, passed token: 2c0bebc4-1f0a-48be-b515-45c23176e61f
Tue Jan 24 15:59:48 2023: SESSION_MGR: creating session with session uuid: '06e6df52-d1d6-4d0c-a1d5-fd8e8c05b1eb' and name 'vitis_hls'
Tue Jan 24 15:59:48 2023: KERNEL_SVC: creating session with uuid: '06e6df52-d1d6-4d0c-a1d5-fd8e8c05b1eb' and name 'vitis_hls'
Tue Jan 24 15:59:48 2023: GUIDANCE_SMGR: creating guidance session with uuid: '06e6df52-d1d6-4d0c-a1d5-fd8e8c05b1eb' and name 'vitis_hls'
Tue Jan 24 16:02:07 2023: Dispatch Server: Accepted socket connection from client
Tue Jan 24 16:02:07 2023: Starting Socket connection
Tue Jan 24 16:04:23 2023: Dispatch Server: Accepted socket connection from client
Tue Jan 24 16:04:23 2023: Starting Socket connection
Tue Jan 24 16:05:48 2023: STOP_SERVER received, server token: 2c0bebc4-1f0a-48be-b515-45c23176e61f, passed token: 2c0bebc4-1f0a-48be-b515-45c23176e61f
Tue Jan 24 16:05:48 2023: Socket received request to stop server.
Tue Jan 24 16:05:48 2023: Dispatch Server: do_await_stop
Tue Jan 24 16:05:48 2023: Dispatch Server: stopping mainFifo_
Tue Jan 24 16:05:48 2023: XCD main fifo: Stopping
Tue Jan 24 16:05:48 2023: XCD main fifo: do_read error code: Operation canceled
Tue Jan 24 16:05:48 2023: XCD main fifo: bytes_transferred: 0
Tue Jan 24 16:05:48 2023: SERVER: destructor for server bound to port 45667
Tue Jan 24 16:05:48 2023: XCD main fifo: Good unlink of /tmp/xcdmain2c0bebc4-1f0a-48be-b515-45c23176e61f
Tue Jan 24 16:05:48 2023: Server exiting with status 0.
Tue Jan 24 16:05:48 2023: Closing log file.
