

================================================================
== Vitis HLS Report for 'matrixmul'
================================================================
* Date:           Tue Jan 24 15:41:35 2023

* Version:        2022.2 (Build 3670227 on Oct 13 2022)
* Project:        matrixmul
* Solution:       non_pipelined (Vivado IP Flow Target)
* Product family: zynq
* Target device:  xc7z020-clg484-1


================================================================
== Performance Estimates
================================================================
+ Timing: 
    * Summary: 
    +--------+----------+----------+------------+
    |  Clock |  Target  | Estimated| Uncertainty|
    +--------+----------+----------+------------+
    |ap_clk  |  10.00 ns|  6.646 ns|     2.70 ns|
    +--------+----------+----------+------------+

+ Latency: 
    * Summary: 
    +---------+---------+----------+----------+-----+-----+---------+
    |  Latency (cycles) |  Latency (absolute) |  Interval | Pipeline|
    |   min   |   max   |    min   |    max   | min | max |   Type  |
    +---------+---------+----------+----------+-----+-----+---------+
    |       32|       32|  0.320 us|  0.320 us|   33|   33|       no|
    +---------+---------+----------+----------+-----+-----+---------+

    + Detail: 
        * Instance: 
        N/A

        * Loop: 
        +-----------+---------+---------+----------+-----------+-----------+------+----------+
        |           |  Latency (cycles) | Iteration|  Initiation Interval  | Trip |          |
        | Loop Name |   min   |   max   |  Latency |  achieved |   target  | Count| Pipelined|
        +-----------+---------+---------+----------+-----------+-----------+------+----------+
        |- Row_Col  |       30|       30|         7|          3|          3|     9|       yes|
        +-----------+---------+---------+----------+-----------+-----------+------+----------+



================================================================
== Utilization Estimates
================================================================
* Summary: 
+-----------------+---------+-----+--------+-------+-----+
|       Name      | BRAM_18K| DSP |   FF   |  LUT  | URAM|
+-----------------+---------+-----+--------+-------+-----+
|DSP              |        -|    2|       -|      -|    -|
|Expression       |        -|    -|       0|    152|    -|
|FIFO             |        -|    -|       -|      -|    -|
|Instance         |        -|    0|       0|     41|    -|
|Memory           |        -|    -|       -|      -|    -|
|Multiplexer      |        -|    -|       -|    147|    -|
|Register         |        -|    -|      63|      -|    -|
+-----------------+---------+-----+--------+-------+-----+
|Total            |        0|    2|      63|    340|    0|
+-----------------+---------+-----+--------+-------+-----+
|Available        |      280|  220|  106400|  53200|    0|
+-----------------+---------+-----+--------+-------+-----+
|Utilization (%)  |        0|   ~0|      ~0|     ~0|    0|
+-----------------+---------+-----+--------+-------+-----+

+ Detail: 
    * Instance: 
    +---------------------+------------------+---------+----+---+----+-----+
    |       Instance      |      Module      | BRAM_18K| DSP| FF| LUT| URAM|
    +---------------------+------------------+---------+----+---+----+-----+
    |mul_8s_8s_16_1_1_U1  |mul_8s_8s_16_1_1  |        0|   0|  0|  41|    0|
    +---------------------+------------------+---------+----+---+----+-----+
    |Total                |                  |        0|   0|  0|  41|    0|
    +---------------------+------------------+---------+----+---+----+-----+

    * DSP: 
    +---------------------------------+------------------------------+--------------+
    |             Instance            |            Module            |  Expression  |
    +---------------------------------+------------------------------+--------------+
    |mac_muladd_8s_8s_16ns_16_4_1_U3  |mac_muladd_8s_8s_16ns_16_4_1  |  i0 + i1 * i2|
    |mac_muladd_8s_8s_16s_16_4_1_U2   |mac_muladd_8s_8s_16s_16_4_1   |  i0 + i1 * i2|
    +---------------------------------+------------------------------+--------------+

    * Memory: 
    N/A

    * FIFO: 
    N/A

    * Expression: 
    +-------------------------+----------+----+---+----+------------+------------+
    |      Variable Name      | Operation| DSP| FF| LUT| Bitwidth P0| Bitwidth P1|
    +-------------------------+----------+----+---+----+------------+------------+
    |add_ln11_1_fu_333_p2     |         +|   0|  0|  13|           4|           1|
    |add_ln11_2_fu_343_p2     |         +|   0|  0|  13|           4|           2|
    |add_ln11_3_fu_200_p2     |         +|   0|  0|  13|           4|           1|
    |add_ln11_fu_209_p2       |         +|   0|  0|  10|           2|           1|
    |add_ln13_fu_312_p2       |         +|   0|  0|  10|           2|           1|
    |add_ln21_2_fu_356_p2     |         +|   0|  0|  11|           3|           2|
    |add_ln21_3_fu_295_p2     |         +|   0|  0|  13|           4|           3|
    |add_ln21_4_fu_306_p2     |         +|   0|  0|   7|           4|           4|
    |empty_7_fu_241_p2        |         -|   0|  0|  13|           4|           4|
    |empty_fu_188_p2          |         -|   0|  0|  13|           4|           4|
    |sub_ln21_fu_267_p2       |         -|   0|  0|   7|           4|           4|
    |ap_condition_191         |       and|   0|  0|   2|           1|           1|
    |icmp_ln11_fu_194_p2      |      icmp|   0|  0|   9|           4|           4|
    |icmp_ln13_fu_215_p2      |      icmp|   0|  0|   8|           2|           2|
    |select_ln11_1_fu_247_p3  |    select|   0|  0|   2|           1|           2|
    |select_ln11_2_fu_273_p3  |    select|   0|  0|   4|           1|           4|
    |select_ln11_fu_221_p3    |    select|   0|  0|   2|           1|           1|
    |ap_enable_pp0            |       xor|   0|  0|   2|           1|           2|
    +-------------------------+----------+----+---+----+------------+------------+
    |Total                    |          |   0|  0| 152|          50|          43|
    +-------------------------+----------+----+---+----+------------+------------+

    * Multiplexer: 
    +--------------------------------------+----+-----------+-----+-----------+
    |                 Name                 | LUT| Input Size| Bits| Total Bits|
    +--------------------------------------+----+-----------+-----+-----------+
    |a_address0                            |  14|          3|    4|         12|
    |ap_NS_fsm                             |  20|          4|    1|          4|
    |ap_done_int                           |   9|          2|    1|          2|
    |ap_enable_reg_pp0_iter0               |   9|          2|    1|          2|
    |ap_enable_reg_pp0_iter1               |   9|          2|    1|          2|
    |ap_enable_reg_pp0_iter2               |   9|          2|    1|          2|
    |ap_loop_exit_ready_pp0_iter1_reg      |   9|          2|    1|          2|
    |ap_sig_allocacmp_i_1                  |   9|          2|    2|          4|
    |ap_sig_allocacmp_indvar_flatten_load  |   9|          2|    4|          8|
    |ap_sig_allocacmp_j_load               |   9|          2|    2|          4|
    |b_address0                            |  14|          3|    4|         12|
    |i_fu_64                               |   9|          2|    2|          4|
    |indvar_flatten_fu_68                  |   9|          2|    4|          8|
    |j_fu_60                               |   9|          2|    2|          4|
    +--------------------------------------+----+-----------+-----+-----------+
    |Total                                 | 147|         32|   30|         70|
    +--------------------------------------+----+-----------+-----+-----------+

    * Register: 
    +----------------------------------+---+----+-----+-----------+
    |               Name               | FF| LUT| Bits| Const Bits|
    +----------------------------------+---+----+-----+-----------+
    |a_load_1_reg_496                  |  8|   0|    8|          0|
    |a_load_reg_471                    |  8|   0|    8|          0|
    |add_ln21_4_reg_466                |  4|   0|    4|          0|
    |add_ln21_4_reg_466_pp0_iter1_reg  |  4|   0|    4|          0|
    |ap_CS_fsm                         |  3|   0|    3|          0|
    |ap_done_reg                       |  1|   0|    1|          0|
    |ap_enable_reg_pp0_iter0_reg       |  1|   0|    1|          0|
    |ap_enable_reg_pp0_iter1           |  1|   0|    1|          0|
    |ap_enable_reg_pp0_iter2           |  1|   0|    1|          0|
    |ap_loop_exit_ready_pp0_iter1_reg  |  1|   0|    1|          0|
    |b_load_reg_491                    |  8|   0|    8|          0|
    |i_fu_64                           |  2|   0|    2|          0|
    |icmp_ln11_reg_436                 |  1|   0|    1|          0|
    |indvar_flatten_fu_68              |  4|   0|    4|          0|
    |j_fu_60                           |  2|   0|    2|          0|
    |reg_151                           |  8|   0|    8|          0|
    |select_ln11_2_reg_445             |  4|   0|    4|          0|
    |select_ln11_reg_440               |  2|   0|    2|          0|
    +----------------------------------+---+----+-----+-----------+
    |Total                             | 63|   0|   63|          0|
    +----------------------------------+---+----+-----+-----------+



================================================================
== Interface
================================================================
* Summary: 
+--------------+-----+-----+------------+--------------+--------------+
|   RTL Ports  | Dir | Bits|  Protocol  | Source Object|    C Type    |
+--------------+-----+-----+------------+--------------+--------------+
|ap_clk        |   in|    1|  ap_ctrl_hs|     matrixmul|  return value|
|ap_rst        |   in|    1|  ap_ctrl_hs|     matrixmul|  return value|
|ap_start      |   in|    1|  ap_ctrl_hs|     matrixmul|  return value|
|ap_done       |  out|    1|  ap_ctrl_hs|     matrixmul|  return value|
|ap_idle       |  out|    1|  ap_ctrl_hs|     matrixmul|  return value|
|ap_ready      |  out|    1|  ap_ctrl_hs|     matrixmul|  return value|
|a_address0    |  out|    4|   ap_memory|             a|         array|
|a_ce0         |  out|    1|   ap_memory|             a|         array|
|a_q0          |   in|    8|   ap_memory|             a|         array|
|a_address1    |  out|    4|   ap_memory|             a|         array|
|a_ce1         |  out|    1|   ap_memory|             a|         array|
|a_q1          |   in|    8|   ap_memory|             a|         array|
|b_address0    |  out|    4|   ap_memory|             b|         array|
|b_ce0         |  out|    1|   ap_memory|             b|         array|
|b_q0          |   in|    8|   ap_memory|             b|         array|
|b_address1    |  out|    4|   ap_memory|             b|         array|
|b_ce1         |  out|    1|   ap_memory|             b|         array|
|b_q1          |   in|    8|   ap_memory|             b|         array|
|res_address0  |  out|    4|   ap_memory|           res|         array|
|res_ce0       |  out|    1|   ap_memory|           res|         array|
|res_we0       |  out|    1|   ap_memory|           res|         array|
|res_d0        |  out|   16|   ap_memory|           res|         array|
+--------------+-----+-----+------------+--------------+--------------+

