INFO-FLOW: Workspace /home/vishal/Desktop/HLS/second_order_diif_eq/diffeq_hls/solution1 opened at Mon Jan 23 16:09:06 IST 2023
Execute     ap_set_clock -name default -period 10 -default=false 
INFO: [SYN 201-201] Setting up clock 'default' with a period of 10ns.
Execute     set_part xc7z020-clg484-1 
Execute       create_platform xc7z020-clg484-1 -board  
DBG:HLSDevice: Trying to load device library: /home/Vitis_HLS/2022.2/lib/lnx64.o/libxv_hlsvwrap.so
DBG:HLSDevice: first parts/arch.xml in RDI_DATADIR: /home/Vivado/2022.2/data/parts/arch.xml
DBG:HLSDevice: init success
INFO: [HLS 200-1611] Setting target device to 'xc7z020-clg484-1'
Command       create_platform done; 0.33 sec.
Execute       source /home/Vitis_HLS/2022.2/common/technology/xilinx/common/xilinx.gen 
Execute         source /home/Vitis_HLS/2022.2/common/technology/xilinx/interface/plb46.gen 
Execute         source /home/Vitis_HLS/2022.2/common/technology/xilinx/interface/axi4.gen 
Execute         source /home/Vitis_HLS/2022.2/common/technology/xilinx/interface/nativeAXI4.gen 
Execute           source /home/Vitis_HLS/2022.2/common/technology/xilinx/interface/saxilite.gen 
Execute         source /home/Vitis_HLS/2022.2/common/technology/xilinx/scripts/xilinxcoregen.gen 
Execute         source /home/Vitis_HLS/2022.2/common/technology/xilinx/interface/XilEDKCoreGen.gen 
Execute         source /home/Vitis_HLS/2022.2/common/technology/xilinx/ip/dds_compiler.gen 
Execute         source /home/Vitis_HLS/2022.2/common/technology/xilinx/ip/xfft.gen 
Execute         source /home/Vitis_HLS/2022.2/common/technology/xilinx/ip/util.gen 
Execute         source /home/Vitis_HLS/2022.2/common/technology/xilinx/ip/xfir.gen 
Execute         source /home/Vitis_HLS/2022.2/common/technology/xilinx/DSP48/dsp48.gen 
Execute       ap_part_info -name xc7z020-clg484-1 -data info 
Execute       config_compile -quiet -complex-mul-dsp=0 
Command     set_part done; 0.39 sec.
Execute     send_msg_by_id INFO @200-1505@%s%s  vivado 
INFO: [HLS 200-1505] Using flow_target 'vivado'
Execute     send_msg_by_id INFO @200-1464@%s config_export -flow=syn 
INFO: [HLS 200-1464] Running solution command: config_export -flow=syn
Execute     config_export -flow=syn 
Execute     send_msg_by_id INFO @200-1464@%s config_export -format=ip_catalog 
INFO: [HLS 200-1464] Running solution command: config_export -format=ip_catalog
Execute     config_export -format=ip_catalog 
Execute     send_msg_by_id INFO @200-1464@%s config_export -rtl=verilog 
INFO: [HLS 200-1464] Running solution command: config_export -rtl=verilog
Execute     config_export -rtl=verilog 
Execute     send_msg_by_id INFO @200-1464@%s config_export -vivado_clock=10 
INFO: [HLS 200-1464] Running solution command: config_export -vivado_clock=10
Execute     config_export -vivado_clock=10 
Command   open_solution done; 0.45 sec.
Execute   set_part xc7z020-clg484-1 
INFO: [HLS 200-1510] Running: set_part xc7z020-clg484-1 
Execute     create_platform xc7z020-clg484-1 -board  
Execute     source /home/Vitis_HLS/2022.2/common/technology/xilinx/common/xilinx.gen 
Execute       source /home/Vitis_HLS/2022.2/common/technology/xilinx/interface/plb46.gen 
Execute       source /home/Vitis_HLS/2022.2/common/technology/xilinx/interface/axi4.gen 
Execute       source /home/Vitis_HLS/2022.2/common/technology/xilinx/interface/nativeAXI4.gen 
Execute         source /home/Vitis_HLS/2022.2/common/technology/xilinx/interface/saxilite.gen 
Execute       source /home/Vitis_HLS/2022.2/common/technology/xilinx/scripts/xilinxcoregen.gen 
Execute       source /home/Vitis_HLS/2022.2/common/technology/xilinx/interface/XilEDKCoreGen.gen 
Execute       source /home/Vitis_HLS/2022.2/common/technology/xilinx/ip/dds_compiler.gen 
Execute       source /home/Vitis_HLS/2022.2/common/technology/xilinx/ip/xfft.gen 
Execute       source /home/Vitis_HLS/2022.2/common/technology/xilinx/ip/util.gen 
Execute       source /home/Vitis_HLS/2022.2/common/technology/xilinx/ip/xfir.gen 
Execute       source /home/Vitis_HLS/2022.2/common/technology/xilinx/DSP48/dsp48.gen 
Execute     ap_part_info -name xc7z020-clg484-1 -data info 
Execute     config_compile -quiet -complex-mul-dsp=0 
Execute   create_clock -period 10 -name default 
INFO: [HLS 200-1510] Running: create_clock -period 10 -name default 
Execute   config_export -flow syn -format ip_catalog -rtl verilog -vivado_clock 10 
INFO: [HLS 200-1510] Running: config_export -flow syn -format ip_catalog -rtl verilog -vivado_clock 10 
Execute   source ./diffeq_hls/solution1/directives.tcl 
INFO: [HLS 200-1510] Running: source ./diffeq_hls/solution1/directives.tcl
Execute     set_directive_top -name diffeq diffeq 
INFO: [HLS 200-1510] Running: set_directive_top -name diffeq diffeq 
Execute   csynth_design 
INFO: [HLS 200-1510] Running: csynth_design 
Execute     elaborate -effort=medium -skip_syncheck=0 -keep_printf=0 -skip_cdt=0 -skip_transform=0 -ng=0 -g=0 -opt_fp=0 -from_csynth_design=1 
INFO: [HLS 200-111] Finished File checks and directory preparation: CPU user time: 0.01 seconds. CPU system time: 0.01 seconds. Elapsed time: 10.02 seconds; current allocated memory: 214.258 MB.
INFO: [HLS 200-10] Analyzing design file 'diffeq.cpp' ... 
INFO-FLOW: Compiling one TU...
INFO-FLOW: Handling diffeq.cpp as C++
Execute       ap_part_info -name xc7z020-clg484-1 -data info 
INFO-FLOW: Running: GCC PP 39
INFO-FLOW: Source preprocessing
Execute       ap_eval exec -ignorestderr /home/Vitis_HLS/2022.2/lnx64/tools/clang-3.9-csynth/bin/clang diffeq.cpp -foptimization-record-file=/home/vishal/Desktop/HLS/second_order_diif_eq/diffeq_hls/solution1/.autopilot/db/diffeq.cpp.clang.diag.yml -mllvm -pass-remarks-missed=reflow|pasta|unroll -mllvm -pass-remarks=reflow|pasta|unroll|inline -fno-limit-debug-info -gcc-toolchain /home/Vitis_HLS/2022.2/tps/lnx64/gcc-8.3.0 -fhls -fno-exceptions -E -fno-math-errno -c -emit-llvm -mllvm -disable-llvm-optzns -Werror=implicit-function-declaration -Werror=implicit-hls-streams -Werror=return-type -Wpragmas -Wunused-parameter -Wdump-hls-pragmas -Wno-error=dump-hls-pragmas -fno-threadsafe-statics -fno-use-cxa-atexit -std=gnu++14 -target fpga64-xilinx-linux-gnu -fno-threadsafe-statics -fno-use-cxa-atexit -D__VITIS_HLS__ -DAESL_SYN -D__SYNTHESIS__ -D__HLS_SYN__ -I /home/Vitis_HLS/2022.2/common/technology/autopilot -I /home/Vitis_HLS/2022.2/common/technology/autopilot/ap_sysc -include etc/autopilot_ssdm_op.h -D__DSP48E1__ -I /usr/include/x86_64-linux-gnu -o /home/vishal/Desktop/HLS/second_order_diif_eq/diffeq_hls/solution1/.autopilot/db/diffeq.pp.0.cpp -hls-platform-db-name=/home/Vitis_HLS/2022.2/common/technology/xilinx/common/platform.db -hls-platform-name=zynq_slow -device-resource-info=BRAM_280.000000_DSP_220.000000_FF_106400.000000_LUT_53200.000000_SLICE_13300.000000_URAM_0.000000 -device-name-info=xc7z020clg484-1 > /home/vishal/Desktop/HLS/second_order_diif_eq/diffeq_hls/solution1/.autopilot/db/diffeq.cpp.clang.out.log 2> /home/vishal/Desktop/HLS/second_order_diif_eq/diffeq_hls/solution1/.autopilot/db/diffeq.cpp.clang.err.log 
INFO-FLOW: Done: GCC PP 39 time: 0.1 seconds per iteration
Execute       set_directive_top diffeq -name=diffeq 
Execute       source /home/Vitis_HLS/2022.2/tps/tcl/tcllib1.11.1/yaml/huddle.tcl 
Execute       source /home/Vitis_HLS/2022.2/tps/tcl/tcllib1.11.1/yaml/json2huddle.tcl 
INFO-FLOW: Source syntax check for synthesis
Execute       ap_eval exec -ignorestderr /home/Vitis_HLS/2022.2/lnx64/tools/clang-3.9-csynth/bin/clang -foptimization-record-file=/home/vishal/Desktop/HLS/second_order_diif_eq/diffeq_hls/solution1/.autopilot/db/clang.diag.yml -mllvm -pass-remarks-missed=reflow|pasta|unroll -mllvm -pass-remarks=reflow|pasta|unroll|inline -fsyntax-only -fhls -target fpga64-xilinx-linux-gnu /home/vishal/Desktop/HLS/second_order_diif_eq/diffeq_hls/solution1/.autopilot/db/diffeq.pp.0.cpp -hls-platform-db-name=/home/Vitis_HLS/2022.2/common/technology/xilinx/common/platform.db -hls-platform-name=zynq_slow -device-resource-info=BRAM_280.000000_DSP_220.000000_FF_106400.000000_LUT_53200.000000_SLICE_13300.000000_URAM_0.000000 -device-name-info=xc7z020clg484-1 > /home/vishal/Desktop/HLS/second_order_diif_eq/diffeq_hls/solution1/.autopilot/db/clang.out.log 2> /home/vishal/Desktop/HLS/second_order_diif_eq/diffeq_hls/solution1/.autopilot/db/clang.err.log 
Command       ap_eval done; 0.17 sec.
Execute       clang_tidy xilinx-systemc-detector -desc systemc-detector /home/vishal/Desktop/HLS/second_order_diif_eq/diffeq_hls/solution1/.autopilot/db/diffeq.pp.0.cpp std=gnu++14 -target fpga  -directive=/home/vishal/Desktop/HLS/second_order_diif_eq/diffeq_hls/solution1/.autopilot/db/.systemc_flag 
INFO-FLOW: exec /home/Vitis_HLS/2022.2/lnx64/tools/clang-3.9-csynth/bin/clang-tidy -header-filter=.* --checks=-*,xilinx-systemc-detector -import-directive=/home/vishal/Desktop/HLS/second_order_diif_eq/diffeq_hls/solution1/.autopilot/db/.systemc_flag -fix-errors /home/vishal/Desktop/HLS/second_order_diif_eq/diffeq_hls/solution1/.autopilot/db/diffeq.pp.0.cpp -- -std=gnu++14 -target fpga -fhls -ferror-limit=0
Command       clang_tidy done; 0.12 sec.
INFO-FLOW: Running: clang-tidy CDT preprocess 39
Execute       clang_tidy xilinx-directive2pragma -desc directive2pragma /home/vishal/Desktop/HLS/second_order_diif_eq/diffeq_hls/solution1/.autopilot/db/diffeq.pp.0.cpp std=gnu++14 -target fpga  -directive=/home/vishal/Desktop/HLS/second_order_diif_eq/diffeq_hls/solution1/.autopilot/db/all.directive.json 
INFO-FLOW: exec /home/Vitis_HLS/2022.2/lnx64/tools/clang-3.9-csynth/bin/clang-tidy -header-filter=.* --checks=-*,xilinx-directive2pragma -import-directive=/home/vishal/Desktop/HLS/second_order_diif_eq/diffeq_hls/solution1/.autopilot/db/all.directive.json -fix-errors /home/vishal/Desktop/HLS/second_order_diif_eq/diffeq_hls/solution1/.autopilot/db/diffeq.pp.0.cpp -- -std=gnu++14 -target fpga -fhls -ferror-limit=0
Command       clang_tidy done; 0.22 sec.
Execute       clang_tidy xilinx-remove-assert -desc remove-assert /home/vishal/Desktop/HLS/second_order_diif_eq/diffeq_hls/solution1/.autopilot/db/diffeq.pp.0.cpp std=gnu++14 -target fpga  
INFO-FLOW: exec /home/Vitis_HLS/2022.2/lnx64/tools/clang-3.9-csynth/bin/clang-tidy -header-filter=.* --checks=-*,xilinx-remove-assert -fix-errors /home/vishal/Desktop/HLS/second_order_diif_eq/diffeq_hls/solution1/.autopilot/db/diffeq.pp.0.cpp -- -std=gnu++14 -target fpga -fhls -ferror-limit=0
Command       clang_tidy done; 0.12 sec.
INFO-FLOW: Done: clang-tidy CDT preprocess 39 time: 0.3 seconds per iteration
INFO-FLOW: Calling xilinx-label-all-loops ... 
INFO-FLOW: Calling xilinx-aggregate-on-hls-vector ... 
Execute       clang_tidy -errorcheck -desc loop-label xilinx-label-all-loops,xilinx-aggregate-on-hls-vector,,xilinx-warn-mayneed-no-ctor-attribute /home/vishal/Desktop/HLS/second_order_diif_eq/diffeq_hls/solution1/.autopilot/db/diffeq.pp.0.cpp std=gnu++14 -target fpga  
Execute         ap_eval exec -ignorestderr /home/Vitis_HLS/2022.2/lnx64/tools/clang-3.9-csynth/bin/clang-tidy -export-fixes=/home/vishal/Desktop/HLS/second_order_diif_eq/diffeq_hls/solution1/.autopilot/db/diffeq.pp.0.cpp.clang-tidy.loop-label.diag.yml -header-filter=.* --checks=-*,xilinx-label-all-loops,xilinx-aggregate-on-hls-vector,,xilinx-warn-mayneed-no-ctor-attribute -fix-errors /home/vishal/Desktop/HLS/second_order_diif_eq/diffeq_hls/solution1/.autopilot/db/diffeq.pp.0.cpp -- -std=gnu++14 -target fpga -fhls -ferror-limit=0 > /home/vishal/Desktop/HLS/second_order_diif_eq/diffeq_hls/solution1/.autopilot/db/diffeq.pp.0.cpp.clang-tidy.loop-label.out.log 2> /home/vishal/Desktop/HLS/second_order_diif_eq/diffeq_hls/solution1/.autopilot/db/diffeq.pp.0.cpp.clang-tidy.loop-label.err.log 
Command         ap_eval done; 0.24 sec.
Execute         source /home/Vitis_HLS/2022.2/tps/tcl/tcllib1.11.1/yaml/yaml.tcl 
Command       clang_tidy done; 0.26 sec.
Execute       ap_eval exec -ignorestderr /home/Vitis_HLS/2022.2/lnx64/tools/clang-3.9-csynth/bin/xilinx-dataflow-lawyer -export-fixes=/home/vishal/Desktop/HLS/second_order_diif_eq/diffeq_hls/solution1/.autopilot/db/diffeq.pp.0.cpp.xilinx-dataflow-lawyer.diag.yml /home/vishal/Desktop/HLS/second_order_diif_eq/diffeq_hls/solution1/.autopilot/db/diffeq.pp.0.cpp -- -std=gnu++14 -target fpga -fhls -ferror-limit=0 -fstrict-dataflow > /home/vishal/Desktop/HLS/second_order_diif_eq/diffeq_hls/solution1/.autopilot/db/diffeq.pp.0.cpp.xilinx-dataflow-lawyer.out.log 2> /home/vishal/Desktop/HLS/second_order_diif_eq/diffeq_hls/solution1/.autopilot/db/diffeq.pp.0.cpp.xilinx-dataflow-lawyer.err.log 
Command       ap_eval done; 0.11 sec.
Execute       ap_part_info -name xc7z020-clg484-1 -data info 
INFO-FLOW: compiling source code to llvm bc
Execute       ap_eval exec -ignorestderr /home/Vitis_HLS/2022.2/lnx64/tools/clang-3.9-csynth/bin/clang -foptimization-record-file=/home/vishal/Desktop/HLS/second_order_diif_eq/diffeq_hls/solution1/.autopilot/db/diffeq.pp.0.cpp.clang.diag.yml -mllvm -pass-remarks-missed=reflow|pasta|unroll -mllvm -pass-remarks=reflow|pasta|unroll|inline -fno-limit-debug-info -fhls -flto -fno-exceptions -Wno-error=c++11-narrowing /home/vishal/Desktop/HLS/second_order_diif_eq/diffeq_hls/solution1/.autopilot/db/diffeq.pp.0.cpp -fno-math-errno -c -emit-llvm -mllvm -disable-llvm-optzns -Werror=implicit-function-declaration -Werror=implicit-hls-streams -Werror=return-type -Wpragmas -Wunused-parameter -Wdump-hls-pragmas -Wno-error=dump-hls-pragmas -fno-threadsafe-statics -fno-use-cxa-atexit -std=gnu++14 -target fpga64-xilinx-linux-gnu -D__VITIS_HLS__ -DAESL_SYN -D__SYNTHESIS__ -D__HLS_SYN__ -I /home/Vitis_HLS/2022.2/common/technology/autopilot -I /home/Vitis_HLS/2022.2/common/technology/autopilot/ap_sysc -include etc/autopilot_ssdm_op.h -D__DSP48E1__ -g -o /home/vishal/Desktop/HLS/second_order_diif_eq/diffeq_hls/solution1/.autopilot/db/diffeq.bc -hls-platform-db-name=/home/Vitis_HLS/2022.2/common/technology/xilinx/common/platform.db -hls-platform-name=zynq_slow -device-resource-info=BRAM_280.000000_DSP_220.000000_FF_106400.000000_LUT_53200.000000_SLICE_13300.000000_URAM_0.000000 -device-name-info=xc7z020clg484-1 > /home/vishal/Desktop/HLS/second_order_diif_eq/diffeq_hls/solution1/.autopilot/db/diffeq.pp.0.cpp.clang.out.log 2> /home/vishal/Desktop/HLS/second_order_diif_eq/diffeq_hls/solution1/.autopilot/db/diffeq.pp.0.cpp.clang.err.log 
Command       ap_eval done; 0.18 sec.
WARNING: [HLS 207-5292] unused parameter 'clock' (diffeq.cpp:3:104)
INFO: [HLS 200-111] Finished Source Code Analysis and Preprocessing: CPU user time: 1.09 seconds. CPU system time: 0.17 seconds. Elapsed time: 1.28 seconds; current allocated memory: 214.258 MB.
INFO-FLOW: Linking Debug ...
INFO-FLOW: Linking dut bc code.
Execute       run_link_or_opt -out /home/vishal/Desktop/HLS/second_order_diif_eq/diffeq_hls/solution1/.autopilot/db/a.g.ld.0.bc -args  "/home/vishal/Desktop/HLS/second_order_diif_eq/diffeq_hls/solution1/.autopilot/db/diffeq.g.bc"  
Execute         ap_eval exec -ignorestderr /home/Vitis_HLS/2022.2/lnx64/tools/clang-3.9-csynth/bin/llvm-link /home/vishal/Desktop/HLS/second_order_diif_eq/diffeq_hls/solution1/.autopilot/db/diffeq.g.bc -o /home/vishal/Desktop/HLS/second_order_diif_eq/diffeq_hls/solution1/.autopilot/db/a.g.ld.0.bc > /home/vishal/Desktop/HLS/second_order_diif_eq/diffeq_hls/solution1/.autopilot/db/a.g.ld.0.bc.llvm-link.out.log 2> /home/vishal/Desktop/HLS/second_order_diif_eq/diffeq_hls/solution1/.autopilot/db/a.g.ld.0.bc.llvm-link.err.log 
INFO-FLOW: 
Execute       run_link_or_opt -opt -out /home/vishal/Desktop/HLS/second_order_diif_eq/diffeq_hls/solution1/.autopilot/db/a.g.ld.1.lower.bc -args /home/vishal/Desktop/HLS/second_order_diif_eq/diffeq_hls/solution1/.autopilot/db/a.g.ld.0.bc -reflow-lower-math-intrinsics 
Execute         ap_eval exec -ignorestderr /home/Vitis_HLS/2022.2/lnx64/tools/clang-3.9-csynth/bin/opt -pass-remarks-missed=reflow|pasta|unroll -pass-remarks=reflow|pasta|unroll|inline -pass-remarks-output=/home/vishal/Desktop/HLS/second_order_diif_eq/diffeq_hls/solution1/.autopilot/db/a.g.ld.1.lower.bc.opt.diag.yml /home/vishal/Desktop/HLS/second_order_diif_eq/diffeq_hls/solution1/.autopilot/db/a.g.ld.0.bc -reflow-lower-math-intrinsics -o /home/vishal/Desktop/HLS/second_order_diif_eq/diffeq_hls/solution1/.autopilot/db/a.g.ld.1.lower.bc > /home/vishal/Desktop/HLS/second_order_diif_eq/diffeq_hls/solution1/.autopilot/db/a.g.ld.1.lower.bc.opt.out.log 2> /home/vishal/Desktop/HLS/second_order_diif_eq/diffeq_hls/solution1/.autopilot/db/a.g.ld.1.lower.bc.opt.err.log 
INFO-FLOW: 
INFO-FLOW: Linking math bc lib
Execute       run_link_or_opt -out /home/vishal/Desktop/HLS/second_order_diif_eq/diffeq_hls/solution1/.autopilot/db/a.g.ld.2.m1.bc -args /home/vishal/Desktop/HLS/second_order_diif_eq/diffeq_hls/solution1/.autopilot/db/a.g.ld.1.lower.bc -only-needed /home/Vitis_HLS/2022.2/lnx64/lib/libhlsm_39.bc /home/Vitis_HLS/2022.2/lnx64/lib/libhlsmc++_39.bc 
Execute         ap_eval exec -ignorestderr /home/Vitis_HLS/2022.2/lnx64/tools/clang-3.9-csynth/bin/llvm-link /home/vishal/Desktop/HLS/second_order_diif_eq/diffeq_hls/solution1/.autopilot/db/a.g.ld.1.lower.bc -only-needed /home/Vitis_HLS/2022.2/lnx64/lib/libhlsm_39.bc /home/Vitis_HLS/2022.2/lnx64/lib/libhlsmc++_39.bc -o /home/vishal/Desktop/HLS/second_order_diif_eq/diffeq_hls/solution1/.autopilot/db/a.g.ld.2.m1.bc > /home/vishal/Desktop/HLS/second_order_diif_eq/diffeq_hls/solution1/.autopilot/db/a.g.ld.2.m1.bc.llvm-link.out.log 2> /home/vishal/Desktop/HLS/second_order_diif_eq/diffeq_hls/solution1/.autopilot/db/a.g.ld.2.m1.bc.llvm-link.err.log 
Command         ap_eval done; 1.63 sec.
INFO-FLOW: 
Command       run_link_or_opt done; 1.63 sec.
Execute       run_link_or_opt -opt -out /home/vishal/Desktop/HLS/second_order_diif_eq/diffeq_hls/solution1/.autopilot/db/a.g.ld.3.fpc.bc -args /home/vishal/Desktop/HLS/second_order_diif_eq/diffeq_hls/solution1/.autopilot/db/a.g.ld.2.m1.bc -reflow-globaldce -hls-top-function-name=diffeq -reflow-float-conversion 
Execute         ap_eval exec -ignorestderr /home/Vitis_HLS/2022.2/lnx64/tools/clang-3.9-csynth/bin/opt -pass-remarks-missed=reflow|pasta|unroll -pass-remarks=reflow|pasta|unroll|inline -pass-remarks-output=/home/vishal/Desktop/HLS/second_order_diif_eq/diffeq_hls/solution1/.autopilot/db/a.g.ld.3.fpc.bc.opt.diag.yml /home/vishal/Desktop/HLS/second_order_diif_eq/diffeq_hls/solution1/.autopilot/db/a.g.ld.2.m1.bc -reflow-globaldce -hls-top-function-name=diffeq -reflow-float-conversion -o /home/vishal/Desktop/HLS/second_order_diif_eq/diffeq_hls/solution1/.autopilot/db/a.g.ld.3.fpc.bc > /home/vishal/Desktop/HLS/second_order_diif_eq/diffeq_hls/solution1/.autopilot/db/a.g.ld.3.fpc.bc.opt.out.log 2> /home/vishal/Desktop/HLS/second_order_diif_eq/diffeq_hls/solution1/.autopilot/db/a.g.ld.3.fpc.bc.opt.err.log 
Command         ap_eval done; 0.58 sec.
INFO-FLOW: 
Command       run_link_or_opt done; 0.58 sec.
Execute       run_link_or_opt -out /home/vishal/Desktop/HLS/second_order_diif_eq/diffeq_hls/solution1/.autopilot/db/a.g.ld.4.m2.bc -args /home/vishal/Desktop/HLS/second_order_diif_eq/diffeq_hls/solution1/.autopilot/db/a.g.ld.3.fpc.bc -only-needed /home/Vitis_HLS/2022.2/lnx64/lib/libfloatconversion_39.bc 
Execute         ap_eval exec -ignorestderr /home/Vitis_HLS/2022.2/lnx64/tools/clang-3.9-csynth/bin/llvm-link /home/vishal/Desktop/HLS/second_order_diif_eq/diffeq_hls/solution1/.autopilot/db/a.g.ld.3.fpc.bc -only-needed /home/Vitis_HLS/2022.2/lnx64/lib/libfloatconversion_39.bc -o /home/vishal/Desktop/HLS/second_order_diif_eq/diffeq_hls/solution1/.autopilot/db/a.g.ld.4.m2.bc > /home/vishal/Desktop/HLS/second_order_diif_eq/diffeq_hls/solution1/.autopilot/db/a.g.ld.4.m2.bc.llvm-link.out.log 2> /home/vishal/Desktop/HLS/second_order_diif_eq/diffeq_hls/solution1/.autopilot/db/a.g.ld.4.m2.bc.llvm-link.err.log 
INFO-FLOW: 
Execute       run_link_or_opt -opt -out /home/vishal/Desktop/HLS/second_order_diif_eq/diffeq_hls/solution1/.autopilot/db/a.g.ld.5.gdce.bc -args /home/vishal/Desktop/HLS/second_order_diif_eq/diffeq_hls/solution1/.autopilot/db/a.g.ld.4.m2.bc -reflow-globaldce -hls-top-function-name=diffeq 
Execute         ap_eval exec -ignorestderr /home/Vitis_HLS/2022.2/lnx64/tools/clang-3.9-csynth/bin/opt -pass-remarks-missed=reflow|pasta|unroll -pass-remarks=reflow|pasta|unroll|inline -pass-remarks-output=/home/vishal/Desktop/HLS/second_order_diif_eq/diffeq_hls/solution1/.autopilot/db/a.g.ld.5.gdce.bc.opt.diag.yml /home/vishal/Desktop/HLS/second_order_diif_eq/diffeq_hls/solution1/.autopilot/db/a.g.ld.4.m2.bc -reflow-globaldce -hls-top-function-name=diffeq -o /home/vishal/Desktop/HLS/second_order_diif_eq/diffeq_hls/solution1/.autopilot/db/a.g.ld.5.gdce.bc > /home/vishal/Desktop/HLS/second_order_diif_eq/diffeq_hls/solution1/.autopilot/db/a.g.ld.5.gdce.bc.opt.out.log 2> /home/vishal/Desktop/HLS/second_order_diif_eq/diffeq_hls/solution1/.autopilot/db/a.g.ld.5.gdce.bc.opt.err.log 
INFO-FLOW: 
Execute       send_msg_by_id INFO @200-777@%s Vivado 
INFO: [HLS 200-777] Using interface defaults for 'Vivado' flow target.
Execute       is_m_axi_addr64 
INFO-FLOW: Doing LTO.
Execute       ap_eval exec -ignorestderr /home/Vitis_HLS/2022.2/lnx64/tools/clang-3.9-csynth/bin/clang -foptimization-record-file=/home/vishal/Desktop/HLS/second_order_diif_eq/diffeq_hls/solution1/.autopilot/db/a.g.ld.0.bc.clang.diag.yml -mllvm -pass-remarks-missed=reflow|pasta|unroll -mllvm -pass-remarks=reflow|pasta|unroll|inline -fhls -mllvm -hls-top-function-name=diffeq -mllvm -hls-db-dir -mllvm /home/vishal/Desktop/HLS/second_order_diif_eq/diffeq_hls/solution1/.autopilot/db -emit-llvm -c -target fpga64-xilinx-none -mllvm -xcl-xmlinfo=/home/vishal/Desktop/HLS/second_order_diif_eq/diffeq_hls/solution1/.autopilot/db/kernel.internal.xml -mllvm -top-io-mapping-info=/home/vishal/Desktop/HLS/second_order_diif_eq/diffeq_hls/solution1/.autopilot/db/top-io-fe.xml -mllvm -hls-bitcode-version=3.1 -mllvm -reflow-enable-slave-interface-default-setting=true -mllvm -gen-kernel-xml=false -mllvm -default-maxi-offset=slave -mllvm -maxi-latency=0 -mllvm -hls-maxi-data-size-in-bits=8 -mllvm -hls-maxi-max-data-size-in-bits=1024 -mllvm -hls-max-widen-size-in-bits=0 -mllvm -xcl-kernel-max-mem-ports=0 -mllvm -maxi-read-trans=16 -mllvm -maxi-write-trans=16 -mllvm -maxi-read-burst-len=16 -mllvm -maxi-write-burst-len=16 -mllvm -reflow-enable-saxi-64bits=0 -mllvm -reflow-basic-block-instr-threshold=200000 -mllvm -reflow-auto-pipeline-threshold=64 -mllvm -reflow-enable-maxi-auto-id-channel=0 -mllvm -assume-maxi-align=1 -mllvm -reflow-pipeline-style-llvm-setting=2 -mllvm -reflow-enable-dataflow-strict-mode-checking=1 -mllvm -reflow-auto-array-partition-mode=default -mllvm -reflow-enable-auto-array-partition=true -mllvm -reflow-enable-auto-parallel-performance-driven=true -mllvm -reflow-enable-partition-for-automation=true -mllvm -reflow-aggregate-bitwidth-threshold=4096 -mllvm -reflow-assume-no-address-wrap=true -mllvm -hls -mllvm -disable-inlined-alloca-merging=true -mllvm -default-clock-period=10 -x ir /home/vishal/Desktop/HLS/second_order_diif_eq/diffeq_hls/solution1/.autopilot/db/a.g.ld.5.gdce.bc -o /home/vishal/Desktop/HLS/second_order_diif_eq/diffeq_hls/solution1/.autopilot/db/a.g.lto.bc -hls-platform-db-name=/home/Vitis_HLS/2022.2/common/technology/xilinx/common/platform.db -hls-platform-name=zynq_slow -device-resource-info=BRAM_280.000000_DSP_220.000000_FF_106400.000000_LUT_53200.000000_SLICE_13300.000000_URAM_0.000000 -device-name-info=xc7z020clg484-1 > /home/vishal/Desktop/HLS/second_order_diif_eq/diffeq_hls/solution1/.autopilot/db/a.g.ld.0.bc.clang.out.log 2> /home/vishal/Desktop/HLS/second_order_diif_eq/diffeq_hls/solution1/.autopilot/db/a.g.ld.0.bc.clang.err.log 
INFO-FLOW: DBG:PUTS: copy_raw_kernel_xml ap_link_39: kernel.xml not generated: /home/vishal/Desktop/HLS/second_order_diif_eq/diffeq_hls/solution1/.autopilot/db/kernel.internal.xml
INFO: [HLS 200-111] Finished Compiling Optimization and Transform: CPU user time: 2.2 seconds. CPU system time: 0.2 seconds. Elapsed time: 2.41 seconds; current allocated memory: 215.285 MB.
INFO: [HLS 200-111] Finished Checking Pragmas: CPU user time: 0 seconds. CPU system time: 0 seconds. Elapsed time: 0 seconds; current allocated memory: 215.285 MB.
Execute       opt_and_import_c a -opt_level=2 -skip_syncheck=0 -ng=0 -keep_printf=0 
Execute         cleanup_all_models 
INFO: [HLS 200-10] Starting code transformations ...
INFO-FLOW: Running Standard Transforms...
Execute         transform -hls -share-std-xform -demangle-name -inline-byval-memcpy -always-inline -promote-dbg-pointer -interface-preproc -mem2reg -scalarrepl -mem2reg -keep-read-access -instcombine -dce -promote-dbg-pointer -bitop-raise -loop-simplify -indvarspre -indvars -loop-simplify -xunroll -constprop -instcombine -simplifycfg -indvars -simplifycfg -dce -globaldce -basicaa -simplifycfg -mem2reg -globalopt -global-constprop -deadargelim -instcombine -simplifycfg -scalarrepl -instcombine -reassociate -licm -simplifycfg -loop-simplify -indvars -instcombine -simplifycfg -mem2reg -loop-simplify -indvars -instcombine -gvn -gvn -instcombine -adce -break-crit-edges -simplifycfg -loop-delete -global-array-opt -dce -dse -adce -find-syn-modules -top diffeq -deadargelim -mem2reg -instcombine -dce -presyn-prepare -auto-rom-infer -interface-preproc -syn-check -check-rec-only -find-region -simplifycfg -func-extr -function-inline -globaldce -mem2reg -instcombine -dce -gvn -globaldce -adce -adse -constprop -instcombine -bit-constprop -instcombine -dce -simplifycfg -bitop-raise -simplifycfg -dce -loop-delete -reassociate -globalopt -global-privatize -mem2reg -dce -global-constprop -pointer-simplify -constprop -dce -auto-shift-reg-idiom -promote-dbg-pointer -norm-name /home/vishal/Desktop/HLS/second_order_diif_eq/diffeq_hls/solution1/.autopilot/db/a.g.0.bc -o /home/vishal/Desktop/HLS/second_order_diif_eq/diffeq_hls/solution1/.autopilot/db/a.g.1.bc -f -phase std-opt 
INFO: [HLS 200-111] Finished Standard Transforms: CPU user time: 0 seconds. CPU system time: 0 seconds. Elapsed time: 0.01 seconds; current allocated memory: 216.410 MB.
INFO: [HLS 200-10] Checking synthesizability ...
INFO-FLOW: Checking Synthesizability 1/2..
Execute         transform -hls -syn-check -check-rec-only -scalarrepl -norm-name -dce -mem2reg -instcombine -directive-preproc -mem2reg -dse -dce -auto-rom-infer -dce -pag -array-normalize -instcombine -dce -array-seg-normalize -instcombine -dce -data-pack -instcombine -dce -inst-simplify -array-flatten -instcombine -dce -array-burst -dce -deadargelim -promote-global-argument -simplifycfg -mem2reg -globaldce -dce -deadargelim -dce -instcombine -function-inline -globaldce -dce -doublePtrSimplify -doublePtrElim -dce -doublePtrSimplify -promote-dbg-pointer -dce -scalarrepl -dse -adse -instcombine -ptrLegalization -simplifycfg -dce -instcombine -pointer-simplify -ptrArgReplace -dce -instcombine -resolve-double-ptr -scalarrepl -norm-name -dce -mem2reg -instcombine -ptrLegalization -simplifycfg -deadargelim -instcombine -dce -inst-simplify -directive-preproc -mem2reg -dse -dce -globaldce /home/vishal/Desktop/HLS/second_order_diif_eq/diffeq_hls/solution1/.autopilot/db/a.g.1.bc -o /home/vishal/Desktop/HLS/second_order_diif_eq/diffeq_hls/solution1/.autopilot/db/a.g.2.prechk.bc -f 
INFO-FLOW: Checking Synthesizability 2/2..
Execute         transform -syn-check /home/vishal/Desktop/HLS/second_order_diif_eq/diffeq_hls/solution1/.autopilot/db/a.g.2.prechk.bc -o /home/vishal/Desktop/HLS/second_order_diif_eq/diffeq_hls/solution1/.autopilot/db/a.g.2.bc -f -phase syn-check 
INFO: [HLS 200-111] Finished Checking Synthesizability: CPU user time: 0.01 seconds. CPU system time: 0 seconds. Elapsed time: 0 seconds; current allocated memory: 217.242 MB.
INFO-FLOW: Compiler optimizing ...
INFO-FLOW: Share syncheck's 1.bc for syn flow: copy /home/vishal/Desktop/HLS/second_order_diif_eq/diffeq_hls/solution1/.autopilot/db/a.g.1.bc to /home/vishal/Desktop/HLS/second_order_diif_eq/diffeq_hls/solution1/.autopilot/db/a.o.1.bc
INFO-FLOW: Presyn 1...
Execute         transform -hls -tmp /home/vishal/Desktop/HLS/second_order_diif_eq/diffeq_hls/solution1/.autopilot/db -interface-port-rename -directive-preproc -mem2reg -dse -dce -scalarrepl -norm-name -deadargelim -mem2reg -instcombine -dce -simplifycfg -auto-rom-infer -dce -resource-proc -clib-intrinsic-prepare -dce -func-buffer -dce -pag -array-normalize -func-legal -instcombine -gvn -constprop -dce -simplifycfg -mem2reg -globaldce -resolve-double-ptr -dce -deadargelim -dce -instcombine -ptrArgReplace -mem2reg -dce -array-seg-normalize -deadargelim -instcombine -dce -directive-preproc -mem2reg -dse -dce -pointer-simplify -dce -port-alignment -dce -interface-preproc -data-pack -instcombine -dce -basicaa -aggr-aa -aggrmodref-aa -aggr-aa -gvn -gvn -basicaa -aggr-aa -aggrmodref-aa -aggr-aa -dse -adse -adce -loop-simplify -indvars -instcombine -gvn -loop-simplify -mem2reg -dce -find-region -instcombine -auto-loop-pipeline -inst-simplify -interface-preproc -cfgopt -instcombine -indvars -auto-loop-unroll -loop-simplify -loop-bound -xunroll -constprop -instcombine -simplifycfg -indvars -simplifycfg -dce -globaldce -clean-region -attach-range -gvn -inst-simplify -constprop -simplifycfg -dce -pointer-simplify -dce -globalopt -constprop -dce -array-promote -scalar-auto-dep-elim -constprop -dce -ptrArgReplace -mem2reg -simplifycfg -dce -instcombine -dce -array-transform-check -array-reshape -instcombine -simplifycfg -dce -ptrArgReplace -deadargelim -mem2reg -instcombine -simplifycfg -dce -indvars -loop-simplify -loop-bound -xunroll -constprop -instcombine -simplifycfg -indvars -simplifycfg -dce -globaldce -basicaa -aggr-aa -aggrmodref-aa -aggr-aa -dse -duplicate-dataflow-processes -globaldce -instcombine -array-partition -prepare-dynamic-array-partition -instcombine -simplifycfg -dce -ptrArgReplace -global-constprop -deadargelim -mem2reg -func-legal -dce -global-constprop -deadargelim -mem2reg -simplifycfg -dce -merge-param -deadargelim -globalopt -constprop -dce -array-promote -scalar-auto-dep-elim -constprop -dce -ptrArgReplace -mem2reg -simplifycfg -dce -mem-intrinsic-preproc -dce -global-internalize -global-privatize -mem2reg -globaldce -promote-global-argument -ptrArgReplace -mem2reg -dce -globalopt -mergereturn -simplify-global-access -mem2reg -dce -pointer-simplify -dce -functionattrs -basicaa -aggr-aa -aggrmodref-aa -aggr-aa -gvn -gvn -basicaa -aggr-aa -aggrmodref-aa -aggr-aa -dse -adse -adce -dce -norm-name -basicaa -aggr-aa -aggrmodref-aa -aggr-aa -accesses-merge -function-inline -complex-op-raise -inst-simplify -globaldce -func-legal -dce -loop-bound -arraycheck -bitwidthmin2 -bitwidthmin2 -on-by-dataflow -loop-delete -instcombine -simplifycfg -globaldce -dce -gvn -deadargelim -dce -loop-simplify -clean-region -simplifycfg -propagate-stable-arguments -loop-stream -instcombine -simplifycfg -dce -globaldce -duplicate-dataflow-processes -stream-intrinsic-preproc -dce -check-ap-stream -loop-simplify -eliminate-keepreads -extract-dataflow-in-loop -loop-simplify -dce -gvn -deadargelim -dse -duplicate-dataflow-processes -check-dataflow-syntax -legalize-stream-variable -globaldce -legalize-global -extract-subproc -dce -dead-channel-elimination -canonicalize-gep -globaldce -dce -gvn -hls-dead-arg-elim -deadargelim -directive-preproc -canonicalize-dataflow -dce -globaldce -scalar-preprocessing -scalar-propagation2 -deadargelim -globaldce -mem2reg -check-dataflow-channels -function-stream -dce -globaldce -prop-fifo-spec -internal-stream-gen -canonicalize-gep -globaldce -dce -gvn -deadargelim -mergereturn -indvars -loop-simplify -instcombine -array-stream -array-seg-normalize -array-partition -func-legal -instcombine -simplifycfg -dce -bundle-memfifo-ops -deadargelim -directive-preproc -mem2reg -dse -dce -group-axi-access -licm -simplifycfg -dce -loop-delete -hls-display -norm-name /home/vishal/Desktop/HLS/second_order_diif_eq/diffeq_hls/solution1/.autopilot/db/a.o.1.bc -o /home/vishal/Desktop/HLS/second_order_diif_eq/diffeq_hls/solution1/.autopilot/db/a.o.1.tmp.bc -f 
INFO: [XFORM 203-510] Pipelining loop 'VITIS_LOOP_6_1' (diffeq.cpp:7) in function 'diffeq' automatically.
INFO-FLOW: Presyn 2...
Execute         transform -hls -keep-callgraph -scalarrepl -mem2reg -port-alignment -attach-range -dce -pipe-mux-gen -indvars -loop-bound -inst-simplify -instcombine -dce -merge-array-access -mem2reg -dce -clean-region -mergereturn -if-conv -instcombine -dce -constprop -basicaa -aggr-aa -aggrmodref-aa -aggr-aa -gvn -gvn -basicaa -aggr-aa -aggrmodref-aa -aggr-aa -dse -adse -adce -scalarrepl -mem2reg -global-constprop -deadargelim -deadargelim -instcombine -dce -simplifycfg -ptrArgReplace -mem2reg -function-inline -globaldce -mem2reg -instcombine -dce -expr-balance -instcombine -dce -bitwidthmin2 -bitwidthmin2 -interface-preproc -directive-preproc -inst-rectify -instcombine -dce -functionattrs -constprop -instcombine -bit-constprop -simplify-global-access -globalopt -globaldce -inst-simplify -instcombine -elimdeaddata -dce -loop-delete -simplifycfg -loop-simplify -barrier -norm-name /home/vishal/Desktop/HLS/second_order_diif_eq/diffeq_hls/solution1/.autopilot/db/a.o.1.tmp.bc -o /home/vishal/Desktop/HLS/second_order_diif_eq/diffeq_hls/solution1/.autopilot/db/a.o.2.bc -f -phase presyn 
INFO: [HLS 200-111] Finished Loop, function and other optimizations: CPU user time: 0.02 seconds. CPU system time: 0.01 seconds. Elapsed time: 0.03 seconds; current allocated memory: 239.078 MB.
INFO-FLOW: Building ssdm...
Execute         transform -hls -auto-function-inline -globaldce -ptrArgReplace -mem2reg -dce -reset-lda -loop-simplify -indvars -aggr-aa -licm -loop-dep -loop-bound -licm -loop-simplify -loop-sink-hoist -flattenloopnest -array-flatten -gvn -instcombine -dce -array-map -dce -func-legal -gvn -adce -instcombine -cfgopt -simplifycfg -loop-simplify -array-burst -promote-global-argument -dce -array-seg-normalize -basicaa -aggrmodref-aa -globalsmodref-aa -aggr-aa -gvn -gvn -basicaa -aggrmodref-aa -globalsmodref-aa -aggr-aa -dse -adse -adce -licm -inst-simplify -dce -globaldce -instcombine -array-stream -eliminate-keepreads -instcombine -dce -deadargelim -doublePtrSimplify -doublePtrElim -dce -doublePtrSimplify -promote-dbg-pointer -dce -scalarrepl -mem2reg -norm-name -mem2reg -instcombine -dse -adse -adce -ptrLegalization -dce -auto-rom-infer -array-flatten -dce -instcombine -check-doubleptr -loop-rot -constprop -cfgopt -simplifycfg -loop-simplify -indvars -pointer-simplify -dce -loop-bound -loop-simplify -loop-preproc -constprop -global-constprop -gvn -mem2reg -instcombine -dce -loop-bound -loop-merge -dce -deadargelim -dce -canonicalize-dataflow -dce -deadargelim -globaldce -mem2reg -bram-byte-enable -load-elim -read-loop-dep -loop-simplify -loop-extract-inner -directive-preproc -bitwidthmin2 -bitwidthmin2 -read-loop-dep -interface-preproc -directive-preproc -interface-gen -bram-byte-enable-spec-prop -deadargelim -inst-simplify -dce -gvn -mem2reg -instcombine -dce -adse -loop-bound -instcombine -cfgopt -simplifycfg -loop-simplify -clean-region -io-protocol -find-region -mem2reg -bitop-raise -complex-op-raise -inst-simplify -inst-rectify -instcombine -adce -deadargelim -float-op-raise -loop-simplify -phi-opt -bitop-raise -cfgopt -simplifycfg -strip-dead-prototypes -interface-lower -bitop-lower -intrinsic-lower -auto-function-inline -basicaa -aggrmodref-aa -globalsmodref-aa -aggr-aa -inst-simplify -simplifycfg -loop-simplify -mergereturn -inst-simplify -inst-rectify -dce -load-elim -bitop-lower -float-op-raise -fma-raise -loop-rewind -pointer-simplify -dce -cfgopt -dce -loop-bound -loop-dep -read-loop-dep -dce -dyn-mem-reuse -dce -recurrence-min -dce -share-scalar-alloca -deadargelim -dce -check-stream -norm-name -legalize -validate-dataflow -inst-clarity -bitwidth -dump-loop-dep-to-ir -check-all-ssdm -cdfg-build /home/vishal/Desktop/HLS/second_order_diif_eq/diffeq_hls/solution1/.autopilot/db/a.o.2.bc -o /home/vishal/Desktop/HLS/second_order_diif_eq/diffeq_hls/solution1/.autopilot/db/a.o.3.bc -f -phase build-ssdm 
INFO: [HLS 200-111] Finished Architecture Synthesis: CPU user time: 0.01 seconds. CPU system time: 0 seconds. Elapsed time: 0.01 seconds; current allocated memory: 239.078 MB.
INFO-FLOW: Finish building internal data model.
Command     elaborate done; 3.74 sec.
Execute     ap_eval exec zip -j /home/vishal/Desktop/HLS/second_order_diif_eq/diffeq_hls/solution1/.autopilot/db/dut.hcp $dbDir/a.o.3.bc $dbDir/${topname}.rtl_wrap.cfg.tcl $dbDir/apatb_${topname}.cpp $dbDir/apatb_${topname}_util.cpp $dbDir/apatb_${topname}_ir.ll $dbDir/mapper_${topname}.cpp $dbDir/top-io-fe.xml $dbDir/kernel.internal.xml $workdir/../hls.app 
Execute     autosyn -from_csynth_design=1 
INFO: [HLS 200-10] Starting hardware synthesis ...
INFO-FLOW: Synthesizing C/C++ design ...
INFO: [HLS 200-10] Synthesizing 'diffeq' ...
Execute       ap_set_top_model diffeq 
Execute       get_model_list diffeq -filter all-wo-channel -topdown 
Execute       preproc_iomode -model diffeq 
Execute       get_model_list diffeq -filter all-wo-channel 
INFO-FLOW: Model list for configure: diffeq
INFO-FLOW: Configuring Module : diffeq ...
Execute       set_default_model diffeq 
Execute       apply_spec_resource_limit diffeq 
INFO-FLOW: Model list for preprocess: diffeq
INFO-FLOW: Preprocessing Module: diffeq ...
Execute       set_default_model diffeq 
Execute       cdfg_preprocess -model diffeq 
Execute       rtl_gen_preprocess diffeq 
INFO-FLOW: Model list for synthesis: diffeq
INFO: [HLS 200-10] ----------------------------------------------------------------
INFO: [HLS 200-42] -- Implementing module 'diffeq' 
INFO: [HLS 200-10] ----------------------------------------------------------------
Execute       set_default_model diffeq 
Execute       schedule -model diffeq 
INFO: [SCHED 204-11] Starting scheduling ...
INFO: [SCHED 204-61] Pipelining loop 'VITIS_LOOP_6_1'.
WARNING: [HLS 200-878] Unable to schedule the loop exit test ('and' operation ('and_ln6_1', diffeq.cpp:6)) in the first pipeline iteration (II = 1 cycles).
WARNING: [HLS 200-880] The II Violation in module 'diffeq' (loop 'VITIS_LOOP_6_1'): Unable to enforce a carried dependence constraint (II = 2, distance = 1, offset = 1) between 'dadd' operation ('x1', diffeq.cpp:9) and 'icmp' operation ('icmp_ln6', diffeq.cpp:6).
WARNING: [HLS 200-880] The II Violation in module 'diffeq' (loop 'VITIS_LOOP_6_1'): Unable to enforce a carried dependence constraint (II = 3, distance = 1, offset = 1) between 'dadd' operation ('x1', diffeq.cpp:9) and 'icmp' operation ('icmp_ln6', diffeq.cpp:6).
WARNING: [HLS 200-880] The II Violation in module 'diffeq' (loop 'VITIS_LOOP_6_1'): Unable to enforce a carried dependence constraint (II = 4, distance = 1, offset = 1) between 'dadd' operation ('x1', diffeq.cpp:9) and 'icmp' operation ('icmp_ln6', diffeq.cpp:6).
WARNING: [HLS 200-880] The II Violation in module 'diffeq' (loop 'VITIS_LOOP_6_1'): Unable to enforce a carried dependence constraint (II = 19, distance = 1, offset = 1) between 'dsub' operation ('u1', diffeq.cpp:7) and 'dmul' operation ('mul1', diffeq.cpp:7).
WARNING: [HLS 200-880] The II Violation in module 'diffeq' (loop 'VITIS_LOOP_6_1'): Unable to enforce a carried dependence constraint (II = 27, distance = 1, offset = 1) between 'dsub' operation ('u1', diffeq.cpp:7) and 'dmul' operation ('mul1', diffeq.cpp:7).
INFO: [HLS 200-1470] Pipelining result : Target II = NA, Final II = 28, Depth = 37, loop 'VITIS_LOOP_6_1'
INFO: [SCHED 204-11] Finished scheduling.
Command       schedule done; 0.12 sec.
INFO: [HLS 200-111] Finished Scheduling: CPU user time: 0.15 seconds. CPU system time: 0.01 seconds. Elapsed time: 0.14 seconds; current allocated memory: 239.078 MB.
Execute       syn_report -verbosereport -o /home/vishal/Desktop/HLS/second_order_diif_eq/diffeq_hls/solution1/.autopilot/db/diffeq.verbose.sched.rpt 
Execute         AP::get_flow_target_display_name
Command       syn_report done; 0.11 sec.
Execute       db_write -o /home/vishal/Desktop/HLS/second_order_diif_eq/diffeq_hls/solution1/.autopilot/db/diffeq.sched.adb -f 
INFO-FLOW: Finish scheduling diffeq.
Execute       set_default_model diffeq 
Execute       bind -model diffeq 
INFO: [BIND 205-100] Starting micro-architecture generation ...
INFO: [BIND 205-101] Performing variable lifetime analysis.
INFO: [BIND 205-101] Exploring resource sharing.
INFO: [BIND 205-101] Binding ...
INFO: [BIND 205-100] Finished micro-architecture generation.
INFO: [HLS 200-111] Finished Binding: CPU user time: 0.15 seconds. CPU system time: 0.01 seconds. Elapsed time: 0.16 seconds; current allocated memory: 239.078 MB.
Execute       syn_report -verbosereport -o /home/vishal/Desktop/HLS/second_order_diif_eq/diffeq_hls/solution1/.autopilot/db/diffeq.verbose.bind.rpt 
Execute         AP::get_flow_target_display_name
Execute       db_write -o /home/vishal/Desktop/HLS/second_order_diif_eq/diffeq_hls/solution1/.autopilot/db/diffeq.bind.adb -f 
INFO-FLOW: Finish binding diffeq.
Execute       get_model_list diffeq -filter all-wo-channel 
INFO-FLOW: Preprocessing for RTLGen ...
Execute       rtl_gen_preprocess diffeq 
INFO-FLOW: Model list for RTL generation: diffeq
INFO: [HLS 200-10] ----------------------------------------------------------------
INFO: [HLS 200-10] -- Generating RTL for module 'diffeq' 
INFO: [HLS 200-10] ----------------------------------------------------------------
Execute       create_rtl_model diffeq -top_prefix  -sub_prefix diffeq_ -mg_file /home/vishal/Desktop/HLS/second_order_diif_eq/diffeq_hls/solution1/.autopilot/db/diffeq.compgen.tcl 
INFO: [RTGEN 206-500] Setting interface mode on port 'diffeq/x' to 'ap_none'.
INFO: [RTGEN 206-500] Setting interface mode on port 'diffeq/dx' to 'ap_none'.
INFO: [RTGEN 206-500] Setting interface mode on port 'diffeq/u' to 'ap_none'.
INFO: [RTGEN 206-500] Setting interface mode on port 'diffeq/a' to 'ap_none'.
INFO: [RTGEN 206-500] Setting interface mode on port 'diffeq/clock' to 'ap_none'.
INFO: [RTGEN 206-500] Setting interface mode on port 'diffeq/y' to 'ap_none'.
INFO: [RTGEN 206-500] Setting interface mode on function 'diffeq' to 'ap_ctrl_hs'.
INFO: [HLS 200-1030] Apply Unified Pipeline Control on module 'diffeq' pipeline 'VITIS_LOOP_6_1' pipeline type 'loop pipeline'
WARNING: [RTGEN 206-101] Port 'diffeq/clock' has no fanin or fanout and is left dangling.
               Please use C simulation to confirm this function argument can be read from or written to.
INFO: [RTGEN 206-100] Generating core module 'dadddsub_64ns_64ns_64_7_full_dsp_1': 1 instance(s).
INFO: [RTGEN 206-100] Generating core module 'dcmp_64ns_64ns_1_2_no_dsp_1': 1 instance(s).
INFO: [RTGEN 206-100] Generating core module 'dmul_64ns_64ns_64_7_max_dsp_1': 1 instance(s).
INFO: [RTGEN 206-100] Generating core module 'dsub_64ns_64ns_64_7_full_dsp_1': 1 instance(s).
INFO: [RTGEN 206-100] Finished creating RTL model for 'diffeq'.
INFO: [HLS 200-111] Finished Creating RTL model: CPU user time: 0.11 seconds. CPU system time: 0 seconds. Elapsed time: 0.16 seconds; current allocated memory: 239.078 MB.
Execute       source /home/vishal/Desktop/HLS/second_order_diif_eq/diffeq_hls/solution1/.autopilot/db/diffeq.rtl_wrap.cfg.tcl 
Execute       gen_rtl diffeq -istop -style xilinx -f -lang vhdl -o /home/vishal/Desktop/HLS/second_order_diif_eq/diffeq_hls/solution1/syn/vhdl/diffeq 
Execute       gen_rtl diffeq -istop -style xilinx -f -lang vlog -o /home/vishal/Desktop/HLS/second_order_diif_eq/diffeq_hls/solution1/syn/verilog/diffeq 
Execute       syn_report -csynth -model diffeq -o /home/vishal/Desktop/HLS/second_order_diif_eq/diffeq_hls/solution1/syn/report/diffeq_csynth.rpt 
Execute         AP::get_flow_target_display_name
Execute       syn_report -rtlxml -model diffeq -o /home/vishal/Desktop/HLS/second_order_diif_eq/diffeq_hls/solution1/syn/report/diffeq_csynth.xml 
Execute       syn_report -verbosereport -model diffeq -o /home/vishal/Desktop/HLS/second_order_diif_eq/diffeq_hls/solution1/.autopilot/db/diffeq.verbose.rpt 
Execute         AP::get_flow_target_display_name
Execute       db_write -model diffeq -f -o /home/vishal/Desktop/HLS/second_order_diif_eq/diffeq_hls/solution1/.autopilot/db/diffeq.adb 
Execute       db_write -model diffeq -bindview -o /home/vishal/Desktop/HLS/second_order_diif_eq/diffeq_hls/solution1/.autopilot/db/design.bindinfo.xml 
Execute       gen_tb_info diffeq -p /home/vishal/Desktop/HLS/second_order_diif_eq/diffeq_hls/solution1/.autopilot/db -o /home/vishal/Desktop/HLS/second_order_diif_eq/diffeq_hls/solution1/.autopilot/db/diffeq 
Execute       export_constraint_db -f -tool general -o /home/vishal/Desktop/HLS/second_order_diif_eq/diffeq_hls/solution1/.autopilot/db/diffeq.constraint.tcl 
Execute       syn_report -designview -model diffeq -o /home/vishal/Desktop/HLS/second_order_diif_eq/diffeq_hls/solution1/.autopilot/db/diffeq.design.xml 
Execute       syn_report -csynthDesign -model diffeq -o /home/vishal/Desktop/HLS/second_order_diif_eq/diffeq_hls/solution1/syn/report/csynth.rpt 
Execute         AP::get_flow_target_display_name
Execute       syn_report -wcfg -model diffeq -o /home/vishal/Desktop/HLS/second_order_diif_eq/diffeq_hls/solution1/.autopilot/db/diffeq_dataflow_ana.wcfg 
Execute       syn_report -protoinst -model diffeq -o /home/vishal/Desktop/HLS/second_order_diif_eq/diffeq_hls/solution1/.autopilot/db/diffeq.protoinst 
Execute       sc_get_clocks diffeq 
Execute       sc_get_portdomain diffeq 
INFO-FLOW: Model list for RTL component generation: diffeq
INFO-FLOW: Handling components in module [diffeq] ... 
Execute       source /home/vishal/Desktop/HLS/second_order_diif_eq/diffeq_hls/solution1/.autopilot/db/diffeq.compgen.tcl 
INFO-FLOW: Found component diffeq_dadddsub_64ns_64ns_64_7_full_dsp_1.
INFO-FLOW: Append model diffeq_dadddsub_64ns_64ns_64_7_full_dsp_1
INFO-FLOW: Found component diffeq_dsub_64ns_64ns_64_7_full_dsp_1.
INFO-FLOW: Append model diffeq_dsub_64ns_64ns_64_7_full_dsp_1
INFO-FLOW: Found component diffeq_dmul_64ns_64ns_64_7_max_dsp_1.
INFO-FLOW: Append model diffeq_dmul_64ns_64ns_64_7_max_dsp_1
INFO-FLOW: Found component diffeq_dcmp_64ns_64ns_1_2_no_dsp_1.
INFO-FLOW: Append model diffeq_dcmp_64ns_64ns_1_2_no_dsp_1
INFO-FLOW: Found component diffeq_flow_control_loop_pipe.
INFO-FLOW: Append model diffeq_flow_control_loop_pipe
INFO-FLOW: Append model diffeq
INFO-FLOW: Generating RTL model list ...
INFO-FLOW: All models in this session: diffeq_dadddsub_64ns_64ns_64_7_full_dsp_1 diffeq_dsub_64ns_64ns_64_7_full_dsp_1 diffeq_dmul_64ns_64ns_64_7_max_dsp_1 diffeq_dcmp_64ns_64ns_1_2_no_dsp_1 diffeq_flow_control_loop_pipe diffeq
INFO-FLOW: Generating /home/vishal/Desktop/HLS/second_order_diif_eq/diffeq_hls/solution1/.autopilot/db/autopilot.rtl.models.txt file...
INFO-FLOW: To file: write model diffeq_dadddsub_64ns_64ns_64_7_full_dsp_1
INFO-FLOW: To file: write model diffeq_dsub_64ns_64ns_64_7_full_dsp_1
INFO-FLOW: To file: write model diffeq_dmul_64ns_64ns_64_7_max_dsp_1
INFO-FLOW: To file: write model diffeq_dcmp_64ns_64ns_1_2_no_dsp_1
INFO-FLOW: To file: write model diffeq_flow_control_loop_pipe
INFO-FLOW: To file: write model diffeq
INFO-FLOW: Generating /home/vishal/Desktop/HLS/second_order_diif_eq/diffeq_hls/solution1/.autopilot/db/autopilot.rtl.models.tcl file...
INFO-FLOW: Finished generating RTL model list.


INFO-FLOW: RTL Generation done.
INFO-FLOW: CAS Generation done.
INFO-FLOW: CBC Generation done.
INFO-FLOW: DBG:PROC: ::AESL_AUTOMG::auto_generate_csynth_design
INFO-FLOW: DBG:PUTS: read_platform_lib /home/vishal/Desktop/HLS/second_order_diif_eq/diffeq_hls/solution1/.autopilot/db/global.setting.tcl
Execute       source /home/Vitis_HLS/2022.2/common/technology/generic/autopilot/common.gen 
Execute         source /home/Vitis_HLS/2022.2/common/technology/generic/autopilot/APCoreGen.gen 
Execute       source /home/Vitis_HLS/2022.2/common/technology/generic/autopilot/op.gen 
Execute       source /home/Vitis_HLS/2022.2/common/technology/generic/autopilot/op_simcore.gen 
Execute       source /home/Vitis_HLS/2022.2/common/technology/generic/autopilot/interface.gen 
Execute       source /home/vishal/Desktop/HLS/second_order_diif_eq/diffeq_hls/solution1/.autopilot/db/global.setting.tcl 
Execute       source /home/Vitis_HLS/2022.2/common/technology/xilinx/common/xilinx.gen 
Execute         source /home/Vitis_HLS/2022.2/common/technology/xilinx/interface/plb46.gen 
Execute         source /home/Vitis_HLS/2022.2/common/technology/xilinx/interface/axi4.gen 
Execute         source /home/Vitis_HLS/2022.2/common/technology/xilinx/interface/nativeAXI4.gen 
Execute           source /home/Vitis_HLS/2022.2/common/technology/xilinx/interface/saxilite.gen 
Execute         source /home/Vitis_HLS/2022.2/common/technology/xilinx/scripts/xilinxcoregen.gen 
Execute         source /home/Vitis_HLS/2022.2/common/technology/xilinx/interface/XilEDKCoreGen.gen 
Execute         source /home/Vitis_HLS/2022.2/common/technology/xilinx/ip/dds_compiler.gen 
Execute         source /home/Vitis_HLS/2022.2/common/technology/xilinx/ip/xfft.gen 
Execute         source /home/Vitis_HLS/2022.2/common/technology/xilinx/ip/util.gen 
Execute         source /home/Vitis_HLS/2022.2/common/technology/xilinx/ip/xfir.gen 
Execute         source /home/Vitis_HLS/2022.2/common/technology/xilinx/DSP48/dsp48.gen 
INFO-FLOW: DBG:PUTS:   using AESL_AUTOCG::g_clock_period=10 (was NA)
INFO-FLOW: DBG:PROC: ::AESL_AUTOMG::generate_ip_cores gen_sim_model='1' gen_fp_models='0' gen_for_export='0' dstSCDir='' dstVhdlDir='/home/vishal/Desktop/HLS/second_order_diif_eq/diffeq_hls/solution1/.autopilot/db/vhdl' dstVlogDir='/home/vishal/Desktop/HLS/second_order_diif_eq/diffeq_hls/solution1/.autopilot/db/vlog' tclDir='/home/vishal/Desktop/HLS/second_order_diif_eq/diffeq_hls/solution1/.autopilot/db' modelList='diffeq_dadddsub_64ns_64ns_64_7_full_dsp_1
diffeq_dsub_64ns_64ns_64_7_full_dsp_1
diffeq_dmul_64ns_64ns_64_7_max_dsp_1
diffeq_dcmp_64ns_64ns_1_2_no_dsp_1
diffeq_flow_control_loop_pipe
diffeq
' expOnly='0'
Execute       source /home/vishal/Desktop/HLS/second_order_diif_eq/diffeq_hls/solution1/.autopilot/db/global.setting.tcl 
Execute       ap_part_info -name xc7z020-clg484-1 -data names -quiet 
Execute       ap_part_info -name xc7z020-clg484-1 -data info -quiet 
Execute       source /home/vishal/Desktop/HLS/second_order_diif_eq/diffeq_hls/solution1/.autopilot/db/global.setting.tcl 
Execute       source /home/vishal/Desktop/HLS/second_order_diif_eq/diffeq_hls/solution1/.autopilot/db/global.setting.tcl 
Execute       source /home/vishal/Desktop/HLS/second_order_diif_eq/diffeq_hls/solution1/.autopilot/db/diffeq.compgen.tcl 
INFO: [HLS 200-111] Finished Generating all RTL models: CPU user time: 0.32 seconds. CPU system time: 0 seconds. Elapsed time: 0.33 seconds; current allocated memory: 239.078 MB.
INFO-FLOW: DBG:PROC: ::HLSREPORTS::create_csynth_xml bind_info_var='bind_info' RtlSubPrefix='diffeq_' outfile=''
INFO-FLOW: Running: create_csynth_xml read xml data
INFO-FLOW: Done: create_csynth_xml read xml data time: 0 seconds per iteration
INFO-FLOW: Running: create_csynth_xml bind info
INFO-FLOW: Done: create_csynth_xml bind info time: 0 seconds per iteration
INFO-FLOW: Running: create_csynth_xml config info
INFO-FLOW: Done: create_csynth_xml config info time: 0 seconds per iteration
INFO-FLOW: Running: create_csynth_xml write xml
INFO-FLOW: Done: create_csynth_xml write xml time: 0 seconds per iteration
INFO-FLOW: DBG:PUTS:      create_csynth_xml wrote csynth_xml=/home/vishal/Desktop/HLS/second_order_diif_eq/diffeq_hls/solution1/syn/report/csynth.xml
INFO-FLOW: DBG:PROC: ::AP::DESIGN_DATA::generate_json generate_bd_files='0' generate_xo_files='0' modelList='diffeq_dadddsub_64ns_64ns_64_7_full_dsp_1
diffeq_dsub_64ns_64ns_64_7_full_dsp_1
diffeq_dmul_64ns_64ns_64_7_max_dsp_1
diffeq_dcmp_64ns_64ns_1_2_no_dsp_1
diffeq_flow_control_loop_pipe
diffeq
' rtl_lang='both' bootstrap_tcl='false' outdir='' outfilename=''
Execute       source /home/vishal/Desktop/HLS/second_order_diif_eq/diffeq_hls/solution1/.autopilot/db/global.setting.tcl 
Execute       source /home/vishal/Desktop/HLS/second_order_diif_eq/diffeq_hls/solution1/.autopilot/db/global.setting.tcl 
Execute       source /home/vishal/Desktop/HLS/second_order_diif_eq/diffeq_hls/solution1/.autopilot/db/top-io-be.tcl 
Execute       source /home/vishal/Desktop/HLS/second_order_diif_eq/diffeq_hls/solution1/.autopilot/db/diffeq.tbgen.tcl 
Execute       source /home/vishal/Desktop/HLS/second_order_diif_eq/diffeq_hls/solution1/.autopilot/db/diffeq.rtl_wrap.cfg.tcl 
Execute       source /home/vishal/Desktop/HLS/second_order_diif_eq/diffeq_hls/solution1/.autopilot/db/diffeq.compgen.dataonly.tcl 
Execute       source /home/vishal/Desktop/HLS/second_order_diif_eq/diffeq_hls/solution1/.autopilot/db/diffeq.tbgen.tcl 
Execute       source /home/vishal/Desktop/HLS/second_order_diif_eq/diffeq_hls/solution1/.autopilot/db/global.setting.tcl 
Execute       ap_part_info -name xc7z020-clg484-1 -data names -quiet 
Execute       ap_part_info -name xc7z020-clg484-1 -data info -quiet 
Execute       source /home/vishal/Desktop/HLS/second_order_diif_eq/diffeq_hls/solution1/.autopilot/db/diffeq.constraint.tcl 
Execute       sc_get_clocks diffeq 
Execute       source /home/vishal/Desktop/HLS/second_order_diif_eq/diffeq_hls/solution1/.autopilot/db/global.setting.tcl 
Execute       source /home/vishal/Desktop/HLS/second_order_diif_eq/diffeq_hls/solution1/impl/misc/diffeq_dadddsub_64ns_64ns_64_7_full_dsp_1_ip.tcl 
Execute       source /home/vishal/Desktop/HLS/second_order_diif_eq/diffeq_hls/solution1/impl/misc/diffeq_dcmp_64ns_64ns_1_2_no_dsp_1_ip.tcl 
Execute       source /home/vishal/Desktop/HLS/second_order_diif_eq/diffeq_hls/solution1/impl/misc/diffeq_dmul_64ns_64ns_64_7_max_dsp_1_ip.tcl 
Execute       source /home/vishal/Desktop/HLS/second_order_diif_eq/diffeq_hls/solution1/impl/misc/diffeq_dsub_64ns_64ns_64_7_full_dsp_1_ip.tcl 
INFO-FLOW: DBG:PROC: ::HLSREPORTS::add_csynth_report_sections bind_info_dict='adapter_nodes {} report_dict {TOPINST diffeq MODULE2INSTS {diffeq diffeq} INST2MODULE {diffeq diffeq} INSTDATA {diffeq {DEPTH 1 CHILDREN {}}} MODULEDATA {diffeq {BINDINFO {{BINDTYPE op ID {} IMPL maxdsp LATENCY 6 OPTYPE dmul PRAGMA {} RTLNAME dmul_64ns_64ns_64_7_max_dsp_1_U3 SOURCE diffeq.cpp:7 VARIABLE mul LOOP VITIS_LOOP_6_1 BUNDLEDNAME {} DSP 11 BRAM 0 URAM 0 DISPNAME {bind_op dmul}} {BINDTYPE op ID {} IMPL maxdsp LATENCY 6 OPTYPE dmul PRAGMA {} RTLNAME dmul_64ns_64ns_64_7_max_dsp_1_U3 SOURCE diffeq.cpp:7 VARIABLE mul1 LOOP VITIS_LOOP_6_1 BUNDLEDNAME {} DSP 11 BRAM 0 URAM 0 DISPNAME {bind_op dmul}} {BINDTYPE op ID {} IMPL maxdsp LATENCY 6 OPTYPE dmul PRAGMA {} RTLNAME dmul_64ns_64ns_64_7_max_dsp_1_U3 SOURCE diffeq.cpp:7 VARIABLE mul2 LOOP VITIS_LOOP_6_1 BUNDLEDNAME {} DSP 11 BRAM 0 URAM 0 DISPNAME {bind_op dmul}} {BINDTYPE op ID {} IMPL fulldsp LATENCY 6 OPTYPE dadd PRAGMA {} RTLNAME dadddsub_64ns_64ns_64_7_full_dsp_1_U1 SOURCE diffeq.cpp:7 VARIABLE sub LOOP VITIS_LOOP_6_1 BUNDLEDNAME {} DSP 3 BRAM 0 URAM 0 DISPNAME {bind_op dadd}} {BINDTYPE op ID {} IMPL maxdsp LATENCY 6 OPTYPE dmul PRAGMA {} RTLNAME dmul_64ns_64ns_64_7_max_dsp_1_U3 SOURCE diffeq.cpp:7 VARIABLE mul3 LOOP VITIS_LOOP_6_1 BUNDLEDNAME {} DSP 11 BRAM 0 URAM 0 DISPNAME {bind_op dmul}} {BINDTYPE op ID {} IMPL maxdsp LATENCY 6 OPTYPE dmul PRAGMA {} RTLNAME dmul_64ns_64ns_64_7_max_dsp_1_U3 SOURCE diffeq.cpp:7 VARIABLE mul4 LOOP VITIS_LOOP_6_1 BUNDLEDNAME {} DSP 11 BRAM 0 URAM 0 DISPNAME {bind_op dmul}} {BINDTYPE op ID {} IMPL fulldsp LATENCY 6 OPTYPE dsub PRAGMA {} RTLNAME dsub_64ns_64ns_64_7_full_dsp_1_U2 SOURCE diffeq.cpp:7 VARIABLE u1 LOOP VITIS_LOOP_6_1 BUNDLEDNAME {} DSP 3 BRAM 0 URAM 0 DISPNAME {bind_op dsub}} {BINDTYPE op ID {} IMPL maxdsp LATENCY 6 OPTYPE dmul PRAGMA {} RTLNAME dmul_64ns_64ns_64_7_max_dsp_1_U3 SOURCE diffeq.cpp:8 VARIABLE mul6 LOOP VITIS_LOOP_6_1 BUNDLEDNAME {} DSP 11 BRAM 0 URAM 0 DISPNAME {bind_op dmul}} {BINDTYPE op ID {} IMPL fulldsp LATENCY 6 OPTYPE dadd PRAGMA {} RTLNAME dadddsub_64ns_64ns_64_7_full_dsp_1_U1 SOURCE diffeq.cpp:8 VARIABLE y1 LOOP VITIS_LOOP_6_1 BUNDLEDNAME {} DSP 3 BRAM 0 URAM 0 DISPNAME {bind_op dadd}} {BINDTYPE op ID {} IMPL fulldsp LATENCY 6 OPTYPE dadd PRAGMA {} RTLNAME dadddsub_64ns_64ns_64_7_full_dsp_1_U1 SOURCE diffeq.cpp:9 VARIABLE x1 LOOP VITIS_LOOP_6_1 BUNDLEDNAME {} DSP 3 BRAM 0 URAM 0 DISPNAME {bind_op dadd}}} AREA {DSP 17 BRAM 0 URAM 0}}}}'
INFO-FLOW: DBG:PUTS:      update_csynth_reports json2rpt_hw_sw_interfaces
INFO-FLOW: Running: gen_csynth_sec_pragma
INFO-FLOW: Done: gen_csynth_sec_pragma time: 0 seconds per iteration
INFO-FLOW: DBG:PUTS:      update_csynth_reports wrote xml
INFO-FLOW: DBG:PUTS:      update_csynth_reports appended to csynth rpt file
INFO: [HLS 200-111] Finished Updating report files: CPU user time: 0.16 seconds. CPU system time: 0.02 seconds. Elapsed time: 0.16 seconds; current allocated memory: 243.559 MB.
INFO: [VHDL 208-304] Generating VHDL RTL for diffeq.
INFO: [VLOG 209-307] Generating Verilog RTL for diffeq.
Execute       syn_report -model diffeq -printsummary 
INFO: [HLS 200-790] **** Loop Constraint Status: All loop constraints were NOT satisfied.
INFO: [HLS 200-789] **** Estimated Fmax: 125.66 MHz
Command     autosyn done; 1.04 sec.
Command   csynth_design done; 4.79 sec.
INFO: [HLS 200-111] Finished Command csynth_design CPU user time: 4.22 seconds. CPU system time: 0.42 seconds. Elapsed time: 4.79 seconds; current allocated memory: 29.422 MB.
Command ap_source done; 15.37 sec.
Execute cleanup_all 
