Copyright 1986-2022 Xilinx, Inc. All Rights Reserved.
------------------------------------------------------------------------------------------------------------------------------------
| Tool Version : Vivado v.2022.2 (lin64) Build 3671981 Fri Oct 14 04:59:54 MDT 2022
| Date         : Tue Jan 24 16:05:13 2023
| Host         : vishal1005 running 64-bit Ubuntu 22.04.1 LTS
| Command      : report_utilization -hierarchical -hierarchical_depth 5 -file ./report/matrixmul_utilization_hierarchical_synth.rpt
| Design       : bd_0_wrapper
| Device       : xc7z020clg484-1
| Speed File   : -1
| Design State : Synthesized
------------------------------------------------------------------------------------------------------------------------------------

Utilization Design Information

Table of Contents
-----------------
1. Utilization by Hierarchy

1. Utilization by Hierarchy
---------------------------

+------------------------------------------------------------+----------------------------------------------------------------+------------+------------+---------+------+-----+--------+--------+------------+
|                          Instance                          |                             Module                             | Total LUTs | Logic LUTs | LUTRAMs | SRLs | FFs | RAMB36 | RAMB18 | DSP Blocks |
+------------------------------------------------------------+----------------------------------------------------------------+------------+------------+---------+------+-----+--------+--------+------------+
| bd_0_wrapper                                               |                                                          (top) |         42 |         42 |       0 |    0 |  31 |      0 |      0 |          3 |
|   bd_0_i                                                   |                                                           bd_0 |         42 |         42 |       0 |    0 |  31 |      0 |      0 |          3 |
|     hls_inst                                               |                                                bd_0_hls_inst_0 |         42 |         42 |       0 |    0 |  31 |      0 |      0 |          3 |
|       (hls_inst)                                           |                                                bd_0_hls_inst_0 |          0 |          0 |       0 |    0 |   0 |      0 |      0 |          0 |
|       inst                                                 |                                      bd_0_hls_inst_0_matrixmul |         42 |         42 |       0 |    0 |  31 |      0 |      0 |          3 |
|         (inst)                                             |                                      bd_0_hls_inst_0_matrixmul |         16 |         16 |       0 |    0 |  30 |      0 |      0 |          0 |
|         flow_control_loop_pipe_U                           |               bd_0_hls_inst_0_matrixmul_flow_control_loop_pipe |         23 |         23 |       0 |    0 |   1 |      0 |      0 |          0 |
|         mac_muladd_8s_8s_16ns_16_4_1_U3                    |         bd_0_hls_inst_0_matrixmul_mac_muladd_8s_8s_16ns_16_4_1 |          2 |          2 |       0 |    0 |   0 |      0 |      0 |          1 |
|           matrixmul_mac_muladd_8s_8s_16ns_16_4_1_DSP48_1_U | bd_0_hls_inst_0_matrixmul_mac_muladd_8s_8s_16ns_16_4_1_DSP48_1 |          2 |          2 |       0 |    0 |   0 |      0 |      0 |          1 |
|         mac_muladd_8s_8s_16s_16_4_1_U2                     |          bd_0_hls_inst_0_matrixmul_mac_muladd_8s_8s_16s_16_4_1 |          1 |          1 |       0 |    0 |   0 |      0 |      0 |          2 |
|           matrixmul_mac_muladd_8s_8s_16s_16_4_1_DSP48_0_U  |  bd_0_hls_inst_0_matrixmul_mac_muladd_8s_8s_16s_16_4_1_DSP48_0 |          1 |          1 |       0 |    0 |   0 |      0 |      0 |          2 |
+------------------------------------------------------------+----------------------------------------------------------------+------------+------------+---------+------+-----+--------+--------+------------+


