Fri Jan 27 18:12:51 2023: Running xcd server. This server was NOT built by gradle, but presumably rdi.
Fri Jan 27 18:12:51 2023: Server was asked to start on port: '45047'
Fri Jan 27 18:12:51 2023: Server is using token UUID: '834b4c73-62e1-4f02-8b7a-0425dc203083'
Fri Jan 27 18:12:51 2023: SESSION_MGR: creating session with session uuid: '6d04a3e9-ade5-4ab9-8d63-1f78fcd2ec76' and name 'default'
Fri Jan 27 18:12:51 2023: Attempting to start server on port '45047'
Fri Jan 27 18:12:51 2023: XCD main fifo: created main fifo '/tmp/xcdmain834b4c73-62e1-4f02-8b7a-0425dc203083', fd read = 13
Fri Jan 27 18:12:51 2023: Running Dispatch Server
Fri Jan 27 18:12:51 2023: Version 2.2.0
Fri Jan 27 18:12:59 2023: Dispatch Server: Accepted socket connection from client
Fri Jan 27 18:12:59 2023: Starting Socket connection
Fri Jan 27 18:12:59 2023: EXCHANGE_TOKEN received, server token: 834b4c73-62e1-4f02-8b7a-0425dc203083, passed token: 834b4c73-62e1-4f02-8b7a-0425dc203083
Fri Jan 27 18:12:59 2023: SESSION_MGR: creating session with session uuid: '4b54b5ea-c68f-4249-9635-16c666e164dc' and name 'vitis_hls'
Fri Jan 27 18:12:59 2023: KERNEL_SVC: creating session with uuid: '4b54b5ea-c68f-4249-9635-16c666e164dc' and name 'vitis_hls'
Fri Jan 27 18:12:59 2023: GUIDANCE_SMGR: creating guidance session with uuid: '4b54b5ea-c68f-4249-9635-16c666e164dc' and name 'vitis_hls'
Fri Jan 27 18:13:00 2023: STOP_SERVER received, server token: 834b4c73-62e1-4f02-8b7a-0425dc203083, passed token: 834b4c73-62e1-4f02-8b7a-0425dc203083
Fri Jan 27 18:13:00 2023: Socket received request to stop server.
Fri Jan 27 18:13:00 2023: Dispatch Server: do_await_stop
Fri Jan 27 18:13:00 2023: Dispatch Server: stopping mainFifo_
Fri Jan 27 18:13:00 2023: XCD main fifo: Stopping
Fri Jan 27 18:13:00 2023: XCD main fifo: do_read error code: Operation canceled
Fri Jan 27 18:13:00 2023: XCD main fifo: bytes_transferred: 0
Fri Jan 27 18:13:00 2023: SERVER: destructor for server bound to port 45047
Fri Jan 27 18:13:00 2023: XCD main fifo: Good unlink of /tmp/xcdmain834b4c73-62e1-4f02-8b7a-0425dc203083
Fri Jan 27 18:13:00 2023: Server exiting with status 0.
Fri Jan 27 18:13:00 2023: Closing log file.
