
*** Running vivado
    with args -log bd_0_wrapper.vds -m64 -product Vivado -mode batch -messageDb vivado.pb -notrace -source bd_0_wrapper.tcl


****** Vivado v2022.2 (64-bit)
  **** SW Build 3671981 on Fri Oct 14 04:59:54 MDT 2022
  **** IP Build 3669848 on Fri Oct 14 08:30:02 MDT 2022
    ** Copyright 1986-2022 Xilinx, Inc. All Rights Reserved.

source bd_0_wrapper.tcl -notrace
INFO: Dispatch client connection id - 44521
INFO: [IP_Flow 19-234] Refreshing IP repositories
INFO: [IP_Flow 19-1700] Loaded user IP repository '/home/vishal/Desktop/HLS/lab_1/matrixmul/unroll/impl/ip'.
INFO: [IP_Flow 19-2313] Loaded Vivado IP repository '/home/Vivado/2022.2/data/ip'.
Command: synth_design -top bd_0_wrapper -part xc7z020clg484-1 -mode out_of_context
Starting synth_design
Attempting to get a license for feature 'Synthesis' and/or device 'xc7z020'
INFO: [Common 17-349] Got license for feature 'Synthesis' and/or device 'xc7z020'
INFO: [Device 21-403] Loading part xc7z020clg484-1
INFO: [Synth 8-7079] Multithreading enabled for synth_design using a maximum of 4 processes.
INFO: [Synth 8-7078] Launching helper process for spawning children vivado processes
INFO: [Synth 8-7075] Helper process launched with PID 1155270
INFO: [Synth 8-11241] undeclared symbol 'REGCCE', assumed default net type 'wire' [/home/Vivado/2022.2/data/verilog/src/unimacro/BRAM_SINGLE_MACRO.v:2170]
---------------------------------------------------------------------------------
Starting RTL Elaboration : Time (s): cpu = 00:00:03 ; elapsed = 00:00:03 . Memory (MB): peak = 1982.254 ; gain = 363.734 ; free physical = 2490 ; free virtual = 11410
Synthesis current peak Physical Memory [PSS] (MB): peak = 1385.618; parent = 1183.271; children = 202.348
Synthesis current peak Virtual Memory [VSS] (MB): peak = 2988.324; parent = 1985.227; children = 1003.098
---------------------------------------------------------------------------------
INFO: [Synth 8-6157] synthesizing module 'bd_0_wrapper' [/home/vishal/Desktop/HLS/lab_1/matrixmul/unroll/impl/verilog/project.gen/sources_1/bd/bd_0/hdl/bd_0_wrapper.v:12]
INFO: [Synth 8-6157] synthesizing module 'bd_0' [/home/vishal/Desktop/HLS/lab_1/matrixmul/unroll/impl/verilog/project.gen/sources_1/bd/bd_0/synth/bd_0.v:12]
INFO: [Synth 8-6157] synthesizing module 'bd_0_hls_inst_0' [/home/vishal/Desktop/HLS/lab_1/matrixmul/unroll/impl/verilog/project.runs/synth_1/.Xil/Vivado-1155217-vishal1005/realtime/bd_0_hls_inst_0_stub.v:5]
INFO: [Synth 8-6155] done synthesizing module 'bd_0_hls_inst_0' (0#1) [/home/vishal/Desktop/HLS/lab_1/matrixmul/unroll/impl/verilog/project.runs/synth_1/.Xil/Vivado-1155217-vishal1005/realtime/bd_0_hls_inst_0_stub.v:5]
INFO: [Synth 8-6155] done synthesizing module 'bd_0' (0#1) [/home/vishal/Desktop/HLS/lab_1/matrixmul/unroll/impl/verilog/project.gen/sources_1/bd/bd_0/synth/bd_0.v:12]
INFO: [Synth 8-6155] done synthesizing module 'bd_0_wrapper' (0#1) [/home/vishal/Desktop/HLS/lab_1/matrixmul/unroll/impl/verilog/project.gen/sources_1/bd/bd_0/hdl/bd_0_wrapper.v:12]
---------------------------------------------------------------------------------
Finished RTL Elaboration : Time (s): cpu = 00:00:04 ; elapsed = 00:00:04 . Memory (MB): peak = 2052.191 ; gain = 433.672 ; free physical = 2577 ; free virtual = 11498
Synthesis current peak Physical Memory [PSS] (MB): peak = 1385.618; parent = 1183.271; children = 202.348
Synthesis current peak Virtual Memory [VSS] (MB): peak = 3055.293; parent = 2052.195; children = 1003.098
---------------------------------------------------------------------------------
---------------------------------------------------------------------------------
Start Handling Custom Attributes
---------------------------------------------------------------------------------
---------------------------------------------------------------------------------
Finished Handling Custom Attributes : Time (s): cpu = 00:00:04 ; elapsed = 00:00:04 . Memory (MB): peak = 2067.035 ; gain = 448.516 ; free physical = 2575 ; free virtual = 11496
Synthesis current peak Physical Memory [PSS] (MB): peak = 1385.618; parent = 1183.271; children = 202.348
Synthesis current peak Virtual Memory [VSS] (MB): peak = 3070.137; parent = 2067.039; children = 1003.098
---------------------------------------------------------------------------------
---------------------------------------------------------------------------------
Finished RTL Optimization Phase 1 : Time (s): cpu = 00:00:04 ; elapsed = 00:00:04 . Memory (MB): peak = 2067.035 ; gain = 448.516 ; free physical = 2575 ; free virtual = 11496
Synthesis current peak Physical Memory [PSS] (MB): peak = 1385.618; parent = 1183.271; children = 202.348
Synthesis current peak Virtual Memory [VSS] (MB): peak = 3070.137; parent = 2067.039; children = 1003.098
---------------------------------------------------------------------------------
Netlist sorting complete. Time (s): cpu = 00:00:00 ; elapsed = 00:00:00 . Memory (MB): peak = 2067.035 ; gain = 0.000 ; free physical = 2571 ; free virtual = 11491
INFO: [Project 1-570] Preparing netlist for logic optimization

Processing XDC Constraints
Initializing timing engine
Parsing XDC File [/home/vishal/Desktop/HLS/lab_1/matrixmul/unroll/impl/verilog/project.gen/sources_1/bd/bd_0/ip/bd_0_hls_inst_0/bd_0_hls_inst_0/bd_0_hls_inst_0_in_context.xdc] for cell 'bd_0_i/hls_inst'
Finished Parsing XDC File [/home/vishal/Desktop/HLS/lab_1/matrixmul/unroll/impl/verilog/project.gen/sources_1/bd/bd_0/ip/bd_0_hls_inst_0/bd_0_hls_inst_0/bd_0_hls_inst_0_in_context.xdc] for cell 'bd_0_i/hls_inst'
Parsing XDC File [/home/vishal/Desktop/HLS/lab_1/matrixmul/unroll/impl/verilog/matrixmul.xdc]
Finished Parsing XDC File [/home/vishal/Desktop/HLS/lab_1/matrixmul/unroll/impl/verilog/matrixmul.xdc]
Parsing XDC File [/home/vishal/Desktop/HLS/lab_1/matrixmul/unroll/impl/verilog/project.runs/synth_1/dont_touch.xdc]
Finished Parsing XDC File [/home/vishal/Desktop/HLS/lab_1/matrixmul/unroll/impl/verilog/project.runs/synth_1/dont_touch.xdc]
Completed Processing XDC Constraints

Netlist sorting complete. Time (s): cpu = 00:00:00 ; elapsed = 00:00:00 . Memory (MB): peak = 2142.941 ; gain = 0.000 ; free physical = 2456 ; free virtual = 11377
INFO: [Project 1-111] Unisim Transformation Summary:
No Unisim elements were transformed.

Constraint Validation Runtime : Time (s): cpu = 00:00:00.01 ; elapsed = 00:00:00.01 . Memory (MB): peak = 2142.941 ; gain = 0.000 ; free physical = 2456 ; free virtual = 11377
INFO: [Synth 8-11241] undeclared symbol 'REGCCE', assumed default net type 'wire' [/home/Vivado/2022.2/data/verilog/src/unimacro/BRAM_SINGLE_MACRO.v:2170]
---------------------------------------------------------------------------------
Finished Constraint Validation : Time (s): cpu = 00:00:08 ; elapsed = 00:00:09 . Memory (MB): peak = 2142.941 ; gain = 524.422 ; free physical = 2506 ; free virtual = 11431
Synthesis current peak Physical Memory [PSS] (MB): peak = 1385.618; parent = 1183.271; children = 202.348
Synthesis current peak Virtual Memory [VSS] (MB): peak = 3114.027; parent = 2110.930; children = 1003.098
---------------------------------------------------------------------------------
---------------------------------------------------------------------------------
Start Loading Part and Timing Information
---------------------------------------------------------------------------------
Loading part: xc7z020clg484-1
---------------------------------------------------------------------------------
Finished Loading Part and Timing Information : Time (s): cpu = 00:00:08 ; elapsed = 00:00:09 . Memory (MB): peak = 2142.941 ; gain = 524.422 ; free physical = 2506 ; free virtual = 11431
Synthesis current peak Physical Memory [PSS] (MB): peak = 1385.618; parent = 1183.271; children = 202.348
Synthesis current peak Virtual Memory [VSS] (MB): peak = 3114.027; parent = 2110.930; children = 1003.098
---------------------------------------------------------------------------------
---------------------------------------------------------------------------------
Start Applying 'set_property' XDC Constraints
---------------------------------------------------------------------------------
Applied set_property KEEP_HIERARCHY = SOFT for bd_0_i. (constraint file  auto generated constraint).
Applied set_property KEEP_HIERARCHY = SOFT for bd_0_i/hls_inst. (constraint file  auto generated constraint).
---------------------------------------------------------------------------------
Finished applying 'set_property' XDC Constraints : Time (s): cpu = 00:00:08 ; elapsed = 00:00:09 . Memory (MB): peak = 2142.941 ; gain = 524.422 ; free physical = 2506 ; free virtual = 11431
Synthesis current peak Physical Memory [PSS] (MB): peak = 1385.618; parent = 1183.271; children = 202.348
Synthesis current peak Virtual Memory [VSS] (MB): peak = 3114.027; parent = 2110.930; children = 1003.098
---------------------------------------------------------------------------------
---------------------------------------------------------------------------------
Finished RTL Optimization Phase 2 : Time (s): cpu = 00:00:08 ; elapsed = 00:00:09 . Memory (MB): peak = 2142.941 ; gain = 524.422 ; free physical = 2505 ; free virtual = 11431
Synthesis current peak Physical Memory [PSS] (MB): peak = 1385.618; parent = 1183.271; children = 202.348
Synthesis current peak Virtual Memory [VSS] (MB): peak = 3114.027; parent = 2110.930; children = 1003.098
---------------------------------------------------------------------------------
---------------------------------------------------------------------------------
Start RTL Component Statistics 
---------------------------------------------------------------------------------
Detailed RTL Component Info : 
---------------------------------------------------------------------------------
Finished RTL Component Statistics 
---------------------------------------------------------------------------------
---------------------------------------------------------------------------------
Start Part Resource Summary
---------------------------------------------------------------------------------
Part Resources:
DSPs: 220 (col length:60)
BRAMs: 280 (col length: RAMB18 60 RAMB36 30)
---------------------------------------------------------------------------------
Finished Part Resource Summary
---------------------------------------------------------------------------------
---------------------------------------------------------------------------------
Start Cross Boundary and Area Optimization
---------------------------------------------------------------------------------
WARNING: [Synth 8-7080] Parallel synthesis criteria is not met
---------------------------------------------------------------------------------
Finished Cross Boundary and Area Optimization : Time (s): cpu = 00:00:09 ; elapsed = 00:00:10 . Memory (MB): peak = 2142.941 ; gain = 524.422 ; free physical = 2454 ; free virtual = 11385
Synthesis current peak Physical Memory [PSS] (MB): peak = 1385.618; parent = 1183.271; children = 202.348
Synthesis current peak Virtual Memory [VSS] (MB): peak = 3114.027; parent = 2110.930; children = 1003.098
---------------------------------------------------------------------------------
---------------------------------------------------------------------------------
Start Applying XDC Timing Constraints
---------------------------------------------------------------------------------
---------------------------------------------------------------------------------
Finished Applying XDC Timing Constraints : Time (s): cpu = 00:00:12 ; elapsed = 00:00:13 . Memory (MB): peak = 2142.941 ; gain = 524.422 ; free physical = 2319 ; free virtual = 11257
Synthesis current peak Physical Memory [PSS] (MB): peak = 1466.667; parent = 1264.914; children = 202.348
Synthesis current peak Virtual Memory [VSS] (MB): peak = 3114.027; parent = 2110.930; children = 1003.098
---------------------------------------------------------------------------------
---------------------------------------------------------------------------------
Start Timing Optimization
---------------------------------------------------------------------------------
---------------------------------------------------------------------------------
Finished Timing Optimization : Time (s): cpu = 00:00:12 ; elapsed = 00:00:13 . Memory (MB): peak = 2142.941 ; gain = 524.422 ; free physical = 2319 ; free virtual = 11256
Synthesis current peak Physical Memory [PSS] (MB): peak = 1466.804; parent = 1265.082; children = 202.348
Synthesis current peak Virtual Memory [VSS] (MB): peak = 3114.027; parent = 2110.930; children = 1003.098
---------------------------------------------------------------------------------
---------------------------------------------------------------------------------
Start Technology Mapping
---------------------------------------------------------------------------------
---------------------------------------------------------------------------------
Finished Technology Mapping : Time (s): cpu = 00:00:13 ; elapsed = 00:00:13 . Memory (MB): peak = 2142.941 ; gain = 524.422 ; free physical = 2318 ; free virtual = 11255
Synthesis current peak Physical Memory [PSS] (MB): peak = 1467.241; parent = 1265.520; children = 202.348
Synthesis current peak Virtual Memory [VSS] (MB): peak = 3114.027; parent = 2110.930; children = 1003.098
---------------------------------------------------------------------------------
---------------------------------------------------------------------------------
Start IO Insertion
---------------------------------------------------------------------------------
---------------------------------------------------------------------------------
Start Flattening Before IO Insertion
---------------------------------------------------------------------------------
---------------------------------------------------------------------------------
Finished Flattening Before IO Insertion
---------------------------------------------------------------------------------
---------------------------------------------------------------------------------
Start Final Netlist Cleanup
---------------------------------------------------------------------------------
---------------------------------------------------------------------------------
Finished Final Netlist Cleanup
---------------------------------------------------------------------------------
---------------------------------------------------------------------------------
Finished IO Insertion : Time (s): cpu = 00:00:15 ; elapsed = 00:00:16 . Memory (MB): peak = 2142.941 ; gain = 524.422 ; free physical = 2312 ; free virtual = 11256
Synthesis current peak Physical Memory [PSS] (MB): peak = 1467.405; parent = 1265.684; children = 202.348
Synthesis current peak Virtual Memory [VSS] (MB): peak = 3114.027; parent = 2110.930; children = 1003.098
---------------------------------------------------------------------------------
---------------------------------------------------------------------------------
Start Renaming Generated Instances
---------------------------------------------------------------------------------
---------------------------------------------------------------------------------
Finished Renaming Generated Instances : Time (s): cpu = 00:00:15 ; elapsed = 00:00:16 . Memory (MB): peak = 2142.941 ; gain = 524.422 ; free physical = 2312 ; free virtual = 11256
Synthesis current peak Physical Memory [PSS] (MB): peak = 1467.405; parent = 1265.684; children = 202.348
Synthesis current peak Virtual Memory [VSS] (MB): peak = 3114.027; parent = 2110.930; children = 1003.098
---------------------------------------------------------------------------------
---------------------------------------------------------------------------------
Start Rebuilding User Hierarchy
---------------------------------------------------------------------------------
---------------------------------------------------------------------------------
Finished Rebuilding User Hierarchy : Time (s): cpu = 00:00:15 ; elapsed = 00:00:16 . Memory (MB): peak = 2142.941 ; gain = 524.422 ; free physical = 2312 ; free virtual = 11256
Synthesis current peak Physical Memory [PSS] (MB): peak = 1467.421; parent = 1265.699; children = 202.348
Synthesis current peak Virtual Memory [VSS] (MB): peak = 3114.027; parent = 2110.930; children = 1003.098
---------------------------------------------------------------------------------
---------------------------------------------------------------------------------
Start Renaming Generated Ports
---------------------------------------------------------------------------------
---------------------------------------------------------------------------------
Finished Renaming Generated Ports : Time (s): cpu = 00:00:15 ; elapsed = 00:00:16 . Memory (MB): peak = 2142.941 ; gain = 524.422 ; free physical = 2312 ; free virtual = 11256
Synthesis current peak Physical Memory [PSS] (MB): peak = 1467.437; parent = 1265.715; children = 202.348
Synthesis current peak Virtual Memory [VSS] (MB): peak = 3114.027; parent = 2110.930; children = 1003.098
---------------------------------------------------------------------------------
---------------------------------------------------------------------------------
Start Handling Custom Attributes
---------------------------------------------------------------------------------
---------------------------------------------------------------------------------
Finished Handling Custom Attributes : Time (s): cpu = 00:00:15 ; elapsed = 00:00:16 . Memory (MB): peak = 2142.941 ; gain = 524.422 ; free physical = 2312 ; free virtual = 11256
Synthesis current peak Physical Memory [PSS] (MB): peak = 1467.437; parent = 1265.715; children = 202.348
Synthesis current peak Virtual Memory [VSS] (MB): peak = 3114.027; parent = 2110.930; children = 1003.098
---------------------------------------------------------------------------------
---------------------------------------------------------------------------------
Start Renaming Generated Nets
---------------------------------------------------------------------------------
---------------------------------------------------------------------------------
Finished Renaming Generated Nets : Time (s): cpu = 00:00:15 ; elapsed = 00:00:16 . Memory (MB): peak = 2142.941 ; gain = 524.422 ; free physical = 2312 ; free virtual = 11256
Synthesis current peak Physical Memory [PSS] (MB): peak = 1467.452; parent = 1265.730; children = 202.348
Synthesis current peak Virtual Memory [VSS] (MB): peak = 3114.027; parent = 2110.930; children = 1003.098
---------------------------------------------------------------------------------
---------------------------------------------------------------------------------
Start Writing Synthesis Report
---------------------------------------------------------------------------------

Report BlackBoxes: 
+------+----------------+----------+
|      |BlackBox name   |Instances |
+------+----------------+----------+
|1     |bd_0_hls_inst_0 |         1|
+------+----------------+----------+

Report Cell Usage: 
+------+--------------+------+
|      |Cell          |Count |
+------+--------------+------+
|1     |bd_0_hls_inst |     1|
+------+--------------+------+
---------------------------------------------------------------------------------
Finished Writing Synthesis Report : Time (s): cpu = 00:00:15 ; elapsed = 00:00:16 . Memory (MB): peak = 2142.941 ; gain = 524.422 ; free physical = 2312 ; free virtual = 11256
Synthesis current peak Physical Memory [PSS] (MB): peak = 1467.483; parent = 1265.762; children = 202.348
Synthesis current peak Virtual Memory [VSS] (MB): peak = 3114.027; parent = 2110.930; children = 1003.098
---------------------------------------------------------------------------------
Synthesis finished with 0 errors, 0 critical warnings and 1 warnings.
Synthesis Optimization Runtime : Time (s): cpu = 00:00:14 ; elapsed = 00:00:15 . Memory (MB): peak = 2142.941 ; gain = 448.516 ; free physical = 2366 ; free virtual = 11310
Synthesis Optimization Complete : Time (s): cpu = 00:00:15 ; elapsed = 00:00:16 . Memory (MB): peak = 2142.941 ; gain = 524.422 ; free physical = 2366 ; free virtual = 11310
INFO: [Project 1-571] Translating synthesized netlist
Netlist sorting complete. Time (s): cpu = 00:00:00 ; elapsed = 00:00:00 . Memory (MB): peak = 2142.941 ; gain = 0.000 ; free physical = 2359 ; free virtual = 11303
INFO: [Project 1-570] Preparing netlist for logic optimization
INFO: [Opt 31-138] Pushed 0 inverter(s) to 0 load pin(s).
Netlist sorting complete. Time (s): cpu = 00:00:00 ; elapsed = 00:00:00 . Memory (MB): peak = 2142.941 ; gain = 0.000 ; free physical = 2400 ; free virtual = 11344
INFO: [Project 1-111] Unisim Transformation Summary:
No Unisim elements were transformed.

Synth Design complete, checksum: 8aef317
INFO: [Common 17-83] Releasing license: Synthesis
23 Infos, 1 Warnings, 0 Critical Warnings and 0 Errors encountered.
synth_design completed successfully
synth_design: Time (s): cpu = 00:00:20 ; elapsed = 00:00:20 . Memory (MB): peak = 2142.941 ; gain = 799.898 ; free physical = 2602 ; free virtual = 11547
INFO: [Common 17-1381] The checkpoint '/home/vishal/Desktop/HLS/lab_1/matrixmul/unroll/impl/verilog/project.runs/synth_1/bd_0_wrapper.dcp' has been generated.
INFO: [runtcl-4] Executing : report_utilization -file bd_0_wrapper_utilization_synth.rpt -pb bd_0_wrapper_utilization_synth.pb
INFO: [Common 17-206] Exiting Vivado at Tue Jan 24 16:13:54 2023...
